= Running: bash ======================================
make: Entering directory '/root/SmoothWall-pi/distrib/build/sources/bash'
 bash

clean
rm -rf bash-5.3
rm -rf bash-5.3

Download
/root/SmoothWall-pi/distrib/build/toolcrib/dlverify /root/SmoothWall-pi/distrib/build/downloads https://ftp.gnu.org/gnu/bash/bash-5.3.tar.gz 

PrePare
tar -xf /root/SmoothWall-pi/distrib/build/downloads/bash-5.3.tar.gz

No Patches


Configure

(if [ ! -e bash-5.3 ]; then mkdir -v bash-5.3; fi)
(cd bash-5.3; CXXFLAGS="-O2 -pipe -fPIC" CFLAGS="-O2 -pipe -fPIC"  ./configure --prefix=/tools --disable-nls --disable-silent-rules --libdir=/tools/lib --host=aarch64-swe-linux-gnu --build=aarch64-swe-linux-gnu --prefix=/tools --without-bash-malloc)
configure: WARNING: unrecognized options: --disable-silent-rules
checking build system type... aarch64-swe-linux-gnu
checking host system type... aarch64-swe-linux-gnu

Beginning configuration for bash-5.3-release for aarch64-swe-linux-gnu

checking for aarch64-swe-linux-gnu-gcc... no
checking for gcc... gcc
checking whether the C compiler works... yes
checking for C compiler default output file name... a.out
checking for suffix of executables... 
checking whether we are cross compiling... no
checking for suffix of object files... o
checking whether the compiler supports GNU C... yes
checking whether gcc accepts -g... yes
checking for gcc option to enable C11 features... none needed
checking for stdio.h... yes
checking for stdlib.h... yes
checking for string.h... yes
checking for inttypes.h... yes
checking for stdint.h... yes
checking for strings.h... yes
checking for sys/stat.h... yes
checking for sys/types.h... yes
checking for unistd.h... yes
checking for wchar.h... yes
checking for minix/config.h... no
checking for stdbool.h... yes
checking for sys/param.h... yes
checking for threads.h... yes
checking for xlocale.h... no
checking for sys/time.h... yes
checking whether it is safe to define __EXTENSIONS__... yes
checking whether _XOPEN_SOURCE should be defined... no
checking for gcc option to enable large file support... none needed
checking for a BSD-compatible install... /bin/install -c
checking for aarch64-swe-linux-gnu-ar... no
checking for ar... ar
checking for aarch64-swe-linux-gnu-ranlib... no
checking for ranlib... ranlib
checking for bison... bison -y
checking whether make sets $(MAKE)... yes
checking for aarch64-swe-linux-gnu-strip... no
checking for strip... strip
checking for an ANSI C-conforming const... yes
checking for inline... inline
checking whether byte ordering is bigendian... no
checking for long double... yes
checking whether char is unsigned... yes
checking for working volatile... yes
checking for C/C++ restrict keyword... __restrict__
checking for bool, true, false... yes
checking for a race-free mkdir -p... /bin/mkdir -p
checking for a sed that does not truncate output... /bin/sed
checking whether NLS is requested... no
checking for msgfmt... no
checking for gmsgfmt... :
checking for xgettext... no
checking for msgmerge... no
checking how to run the C preprocessor... gcc -E
checking for egrep -e... /bin/grep -E
checking whether we are using the GNU C Library 2 or newer... yes
checking whether the -Werror option is usable... yes
checking for simple visibility declarations... yes
checking for size_t... yes
checking for stdint.h... yes
checking for working alloca.h... yes
checking for alloca... yes
checking for getpagesize... yes
checking for symlink... yes
checking for uselocale... yes
checking for vprintf... yes
checking for alarm... yes
checking for fpurge... no
checking for __fpurge... yes
checking for snprintf... yes
checking for vsnprintf... yes
checking for working mmap... yes
checking whether integer division by zero raises SIGFPE... no
checking for inttypes.h... yes
checking for unsigned long long int... yes
checking whether imported symbols can be declared weak... yes
checking for pthread.h... yes
checking for pthread_kill in -lpthread... yes
checking whether POSIX threads API is available... yes
checking for multithread API to use... posix
checking for pthread_rwlock_t... yes
checking whether pthread_rwlock_rdlock prefers a writer to a reader... no
checking for gcc options needed to detect all undeclared functions... none needed
checking for ld used by gcc... /root/SmoothWall-pi/distrib/tools/aarch64-tools-linux-gnu/bin/ld
checking if the linker (/root/SmoothWall-pi/distrib/tools/aarch64-tools-linux-gnu/bin/ld) is GNU ld... yes
checking for shared library run path origin... done
checking 32-bit host C ABI... no
checking for ELF binary format... yes
checking for the common suffixes of directories in the library search path... lib,lib,lib64
checking for iconv... yes
checking for working iconv... yes
checking whether iconv is compatible with its POSIX signature... yes
checking for inttypes.h... (cached) yes
checking for unistd.h... (cached) yes
checking for sys/param.h... (cached) yes
checking for getcwd... yes
checking for getegid... yes
checking for geteuid... yes
checking for getgid... yes
checking for getuid... yes
checking for mempcpy... yes
checking for munmap... yes
checking for stpcpy... yes
checking for strcasecmp... yes
checking for tsearch... yes
checking for __fsetlocking... yes
checking whether feof_unlocked is declared... yes
checking whether fgets_unlocked is declared... yes
checking for localeconv... yes
checking for bison... bison
checking for bison 3.0 or newer... 3.8.2, ok
checking for long long int... yes
checking for wchar_t... yes
checking for wint_t... yes
checking whether wint_t is large enough... yes
checking for intmax_t... yes
checking whether printf() supports POSIX/XSI format strings... yes
checking for stdint.h... (cached) yes
checking for SIZE_MAX... yes
checking for stdint.h... (cached) yes
checking for working fcntl.h... no
checking whether uselocale works... yes
checking for fake locale system (OpenBSD)... no
checking for Solaris 11.4 locale system... no
checking for getlocalename_l... no
checking for CFPreferencesCopyAppValue... no
checking for CFLocaleCopyPreferredLanguages... no
checking for flexible array member... yes
checking for aarch64-swe-linux-gnu-ar... ar
checking for ptrdiff_t... yes
checking for features.h... yes
checking for stddef.h... yes
checking for stdlib.h... (cached) yes
checking for string.h... (cached) yes
checking for asprintf... yes
checking for wprintf... yes
checking for newlocale... yes
checking for putenv... yes
checking for setenv... yes
checking for snprintf... (cached) yes
checking for strnlen... yes
checking for uselocale... (cached) yes
checking for wcslen... yes
checking for wcsnlen... yes
checking for mbrtowc... yes
checking for wcrtomb... yes
checking whether _snprintf is declared... no
checking whether _snwprintf is declared... no
checking whether getc_unlocked is declared... yes
checking for nl_langinfo and CODESET... yes
checking for LC_MESSAGES... yes
checking for CFPreferencesCopyAppValue... (cached) no
checking for CFLocaleCopyPreferredLanguages... (cached) no
checking whether to use NLS... no
checking for dirent.h that defines DIR... yes
checking for library containing opendir... none required
checking for sys/mkdev.h... no
checking for sys/sysmacros.h... yes
checking for inttypes.h... (cached) yes
checking for unistd.h... (cached) yes
checking for stdlib.h... (cached) yes
checking for varargs.h... no
checking for limits.h... yes
checking for string.h... (cached) yes
checking for memory.h... yes
checking for locale.h... yes
checking for termcap.h... no
checking for termio.h... no
checking for termios.h... yes
checking for dlfcn.h... yes
checking for stddef.h... (cached) yes
checking for stdint.h... (cached) yes
checking for netdb.h... yes
checking for pwd.h... yes
checking for grp.h... yes
checking for strings.h... (cached) yes
checking for stdckdint.h... yes
checking for regex.h... yes
checking for syslog.h... yes
checking for ulimit.h... yes
checking for sys/pte.h... no
checking for sys/stream.h... no
checking for sys/select.h... yes
checking for sys/file.h... yes
checking for sys/ioctl.h... yes
checking for sys/mman.h... yes
checking for sys/param.h... (cached) yes
checking for sys/random.h... yes
checking for sys/socket.h... yes
checking for sys/stat.h... (cached) yes
checking for sys/time.h... (cached) yes
checking for sys/times.h... yes
checking for sys/types.h... (cached) yes
checking for sys/wait.h... yes
checking for netinet/in.h... yes
checking for arpa/inet.h... yes
checking for sys/ptem.h... no
checking for sys/resource.h... yes
checking for working alloca.h... (cached) yes
checking for alloca... (cached) yes
checking for uid_t... yes
checking for gid_t... yes
checking for working chown... yes
checking whether getpgrp requires zero arguments... yes
checking for working strcoll... yes
checking for __setostype... no
checking for wait3... yes
checking for mkfifo... yes
checking for dup2... yes
checking for eaccess... yes
checking for fcntl... yes
checking for getdtablesize... yes
checking for getentropy... yes
checking for getgroups... yes
checking for gethostname... yes
checking for getpagesize... (cached) yes
checking for getpeername... yes
checking for getrandom... yes
checking for getrlimit... yes
checking for getrusage... yes
checking for gettimeofday... yes
checking for kill... yes
checking for killpg... yes
checking for lstat... yes
checking for nanosleep... yes
checking for pselect... yes
checking for readlink... yes
checking for select... yes
checking for setdtablesize... no
checking for setitimer... yes
checking for statfs... yes
checking for tcgetpgrp... yes
checking for uname... yes
checking for ulimit... yes
checking for waitpid... yes
checking for rename... yes
checking for bcopy... yes
checking for bzero... yes
checking for clock_gettime... yes
checking for confstr... yes
checking for faccessat... yes
checking for fnmatch... yes
checking for getaddrinfo... yes
checking for gethostbyname... yes
checking for getservbyname... yes
checking for getservent... yes
checking for inet_aton... yes
checking for imaxdiv... yes
checking for memmove... yes
checking for pathconf... yes
checking for putenv... (cached) yes
checking for raise... yes
checking for random... yes
checking for regcomp... yes
checking for regexec... yes
checking for setenv... (cached) yes
checking for setlinebuf... yes
checking for setlocale... yes
checking for setvbuf... yes
checking for siginterrupt... yes
checking for strchr... yes
checking for sysconf... yes
checking for syslog... yes
checking for tcgetattr... yes
checking for tcgetwinsize... no
checking for tcsetwinsize... no
checking for times... yes
checking for ttyname... yes
checking for tzset... yes
checking for unsetenv... yes
checking for vasprintf... yes
checking for asprintf... (cached) yes
checking for isascii... yes
checking for isblank... yes
checking for isgraph... yes
checking for isprint... yes
checking for isspace... yes
checking for isxdigit... yes
checking for getpwent... yes
checking for getpwnam... yes
checking for getpwuid... yes
checking for mkstemp... yes
checking for mkdtemp... yes
checking for arc4random... yes
checking for strlcat... yes
checking for memfd_create... yes
checking for shm_open... yes
checking for shm_mkstemp... no
checking for getcwd... (cached) yes
checking for memset... yes
checking for strcasecmp... (cached) yes
checking for strcasestr... yes
checking for strerror... yes
checking for strftime... yes
checking for strnlen... (cached) yes
checking for strpbrk... yes
checking for strstr... yes
checking for strtod... yes
checking for strtol... yes
checking for strtoul... yes
checking for strtoll... yes
checking for strtoull... yes
checking for strtoumax... yes
checking for dprintf... yes
checking for strdup... yes
checking for strlcpy... yes
checking for reallocarray... yes
checking for libaudit.h... no
checking whether AUDIT_USER_TTY is declared... yes
checking whether confstr is declared... yes
checking whether printf is declared... yes
checking whether brk is declared... yes
checking whether sbrk is declared... yes
checking whether setregid is declared... yes
checking whether strcpy is declared... yes
checking whether strsignal is declared... yes
checking for setresuid... yes
checking for setresgid... yes
checking whether strtold is declared... yes
checking for broken strtold... no
checking whether strtol is declared... yes
checking whether strtoll is declared... yes
checking whether strtoul is declared... yes
checking whether strtoull is declared... yes
checking whether strtoumax is declared... yes
checking for working mktime... yes
checking for argz.h... yes
checking for errno.h... yes
checking for fcntl.h... yes
checking for malloc.h... yes
checking for stdio_ext.h... yes
checking for working mmap... (cached) yes
checking for __argz_count... yes
checking for __argz_next... yes
checking for __argz_stringify... yes
checking for dcgettext... yes
checking for locale_charset... no
checking for mempcpy... (cached) yes
checking for munmap... (cached) yes
checking for mremap... yes
checking for stpcpy... (cached) yes
checking for strcspn... yes
checking for wctype.h... yes
checking for wchar.h... (cached) yes
checking for langinfo.h... yes
checking for mbstr.h... no
checking for mbrlen... yes
checking for mbscasecmp... no
checking for mbscmp... no
checking for mbsncmp... no
checking for mbsnrtowcs... yes
checking for mbsrtowcs... yes
checking for mbschr... no
checking for wcrtomb... (cached) yes
checking for wcscoll... yes
checking for wcsdup... yes
checking for wcwidth... yes
checking for wctype... yes
checking for wcsnrtombs... yes
checking for wcswidth... yes
checking whether mbrtowc and mbstate_t are properly declared... (cached) yes
checking for iswlower... yes
checking for iswupper... yes
checking for towlower... yes
checking for towupper... yes
checking for iswctype... yes
checking for wchar_t in wchar.h... yes
checking for wctype_t in wctype.h... yes
checking for wint_t in wctype.h... yes
checking for wcwidth broken with unicode combining characters... yes
checking for locale_charset... (cached) no
checking size of wchar_t... 4
checking for dlopen in -ldl... yes
checking for dlopen... yes
checking for dlclose... yes
checking for dlsym... yes
checking type of array argument to getgroups... gid_t
checking for off_t... yes
checking for mode_t... yes
checking for uid_t... (cached) yes
checking for gid_t... (cached) yes
checking for pid_t... yes
checking for size_t... (cached) yes
checking for intptr_t... yes
checking for uintptr_t... yes
checking for ssize_t... yes
checking for time_t... yes
checking for long long int... (cached) yes
checking for unsigned long long int... (cached) yes
checking for sig_atomic_t in signal.h... yes
checking size of char... 1
checking size of short... 2
checking size of int... 4
checking size of long... 8
checking size of char *... 8
checking size of size_t... 8
checking size of double... 8
checking size of long long... 8
checking for bits16_t... no
checking for u_bits16_t... no
checking for bits32_t... no
checking for u_bits32_t... no
checking for bits64_t... no
checking for ptrdiff_t... (cached) yes
checking whether stat file-mode macros are broken... no
checking whether #! works in shell scripts... yes
checking whether strchrnul works... yes
checking if dup2 fails to clear the close-on-exec flag... no
checking whether pgrps need synchronization... no
checking for type of signal functions... posix
checking for sys_errlist and sys_nerr... yes
checking whether sys_siglist is declared... no
checking for sys_siglist in system C library... no
checking for _sys_siglist in signal.h or unistd.h... no
checking for _sys_siglist in system C library... no
checking for clock_t... yes
checking for sigset_t... yes
checking for socklen_t... yes
checking for quad_t... yes
checking for type of struct rlimit fields... rlim_t
checking for intmax_t... yes
checking for uintmax_t... yes
checking size of intmax_t... 8
checking for struct termios.c_line... yes
checking for struct termio.c_line... no
checking for struct dirent.d_ino... yes
checking for struct dirent.d_fileno... yes
checking for struct dirent.d_namlen... no
checking for d_type member in directory struct... yes
checking for struct winsize in sys/ioctl.h and termios.h... sys/ioctl.h
checking for struct timeval in sys/time.h and time.h... yes
checking for struct stat.st_blocks... yes
checking whether struct tm is in sys/time.h or time.h... time.h
checking for struct tm.tm_zone... yes
checking for struct timezone in sys/time.h and time.h... yes
checking for offset of exit status in return status from wait... 8
checking for struct timespec in <time.h>... yes
checking for struct stat.st_atim.tv_nsec... yes
checking whether struct stat.st_atim is of type struct timespec... yes
checking for sbrk... yes
checking for working sbrk... yes
checking for brk... no
checking for the existence of strsignal... yes
checking if opendir() opens non-directories... no
checking whether ulimit can substitute for getdtablesize... yes
checking whether fpurge is declared... no
checking to see if getenv can be redefined... yes
checking if getcwd() will dynamically allocate memory with 0 size... yes
checking for presence of POSIX-style sigsetjmp/siglongjmp... present
checking whether or not strcoll and strcmp differ... no
checking for standard-conformant snprintf... yes
checking for standard-conformant vsnprintf... yes
checking for strtoimax... yes
checking whether strtoimax is declared... yes
checking whether clearerr_unlocked is declared... yes
checking whether feof_unlocked is declared... (cached) yes
checking whether ferror_unlocked is declared... yes
checking whether fflush_unlocked is declared... yes
checking whether fgets_unlocked is declared... (cached) yes
checking whether fputc_unlocked is declared... yes
checking whether fputs_unlocked is declared... yes
checking whether fread_unlocked is declared... yes
checking whether fwrite_unlocked is declared... yes
checking whether getc_unlocked is declared... (cached) yes
checking whether getchar_unlocked is declared... yes
checking whether putc_unlocked is declared... yes
checking whether putchar_unlocked is declared... yes
checking for standard-conformant putenv declaration... yes
checking for standard-conformant unsetenv declaration... yes
checking for printf floating point output in hex notation... yes
checking whether fnmatch can be used to check bracket equivalence classes... no
checking if signal handlers must be reinstalled when invoked... no
checking for presence of necessary job control definitions... present
checking for presence of named pipes... present
checking whether termios.h defines TIOCGWINSZ... no
checking whether sys/ioctl.h defines TIOCGWINSZ... yes
checking for TIOCSTAT in sys/ioctl.h... no
checking for FIONREAD in sys/ioctl.h... yes
checking whether WCONTINUED flag to waitpid is unavailable or available but broken... no
checking for speed_t in sys/types.h... no
checking whether getpw functions are declared in pwd.h... yes
checking for unusable real-time signals due to large values... no
checking for tgetent... no
checking for tgetent in -ltermcap... no
checking for tgetent in -ltinfo... no
checking for tgetent in -lcurses... no
checking for tgetent in -lncursesw... no
checking for tgetent in -lncurses... no
checking which library has the termcap functions... using gnutermcap
checking whether /dev/fd is available... standard
checking whether /dev/stdin stdout stderr are available... present
checking for default mail directory... /var/mail
checking shared object configuration for loadable builtins... supported
configure: creating ./config.status
config.status: creating Makefile
config.status: creating builtins/Makefile
config.status: creating lib/readline/Makefile
config.status: creating lib/glob/Makefile
config.status: creating lib/intl/Makefile
config.status: creating lib/malloc/Makefile
config.status: creating lib/sh/Makefile
config.status: creating lib/termcap/Makefile
config.status: creating lib/tilde/Makefile
config.status: creating doc/Makefile
config.status: creating support/Makefile
config.status: creating po/Makefile.in
config.status: creating examples/loadables/Makefile
config.status: creating examples/loadables/Makefile.inc
config.status: creating examples/loadables/Makefile.sample
config.status: creating examples/loadables/perl/Makefile
config.status: creating support/bash.pc
config.status: creating support/bashbug.sh
config.status: creating config.h
config.status: creating buildconf.h
config.status: executing po-directories commands
config.status: creating po/POTFILES
config.status: creating po/Makefile
config.status: executing stamp-h commands
configure: WARNING: unrecognized options: --disable-silent-rules


Compile

make -j 4 -C bash-5.3
make[1]: Entering directory '/root/SmoothWall-pi/distrib/build/sources/bash/bash-5.3'
rm -f mksignames.o
rm -f buildsignames.o
gcc -DPROGRAM='"bash"' -DCONF_HOSTTYPE='"aarch64"' -DCONF_OSTYPE='"linux-gnu"' -DCONF_MACHTYPE='"aarch64-swe-linux-gnu"' -DCONF_VENDOR='"swe"' -DLOCALEDIR='"/tools/share/locale"' -DPACKAGE='"bash"' -DSHELL -DHAVE_CONFIG_H   -I.  -I. -I./include -I./lib    -O2 -pipe -fPIC  -DBUILDTOOL -c ./support/mksignames.c
gcc -DPROGRAM='"bash"' -DCONF_HOSTTYPE='"aarch64"' -DCONF_OSTYPE='"linux-gnu"' -DCONF_MACHTYPE='"aarch64-swe-linux-gnu"' -DCONF_VENDOR='"swe"' -DLOCALEDIR='"/tools/share/locale"' -DPACKAGE='"bash"' -DSHELL -DHAVE_CONFIG_H   -I.  -I. -I./include -I./lib    -O2 -pipe -fPIC  -DBUILDTOOL -o buildsignames.o -c ./support/signames.c
rm -f unwind_prot.o
gcc  -DPROGRAM='"bash"' -DCONF_HOSTTYPE='"aarch64"' -DCONF_OSTYPE='"linux-gnu"' -DCONF_MACHTYPE='"aarch64-swe-linux-gnu"' -DCONF_VENDOR='"swe"' -DLOCALEDIR='"/tools/share/locale"' -DPACKAGE='"bash"' -DSHELL -DHAVE_CONFIG_H   -I.  -I. -I./include -I./lib     -O2 -pipe -fPIC -c unwind_prot.c
make[2]: Entering directory '/root/SmoothWall-pi/distrib/build/sources/bash/bash-5.3/builtins'
rm -f mkbuiltins.o
gcc -c  -DHAVE_CONFIG_H -DSHELL -I. -I..  -I.. -I../include -I../lib -I.     -O2 -pipe -fPIC  mkbuiltins.c
rm -f pathexp.o
gcc  -DPROGRAM='"bash"' -DCONF_HOSTTYPE='"aarch64"' -DCONF_OSTYPE='"linux-gnu"' -DCONF_MACHTYPE='"aarch64-swe-linux-gnu"' -DCONF_VENDOR='"swe"' -DLOCALEDIR='"/tools/share/locale"' -DPACKAGE='"bash"' -DSHELL -DHAVE_CONFIG_H   -I.  -I. -I./include -I./lib     -O2 -pipe -fPIC -c pathexp.c
rm -f test.o
gcc  -DPROGRAM='"bash"' -DCONF_HOSTTYPE='"aarch64"' -DCONF_OSTYPE='"linux-gnu"' -DCONF_MACHTYPE='"aarch64-swe-linux-gnu"' -DCONF_VENDOR='"swe"' -DLOCALEDIR='"/tools/share/locale"' -DPACKAGE='"bash"' -DSHELL -DHAVE_CONFIG_H   -I.  -I. -I./include -I./lib     -O2 -pipe -fPIC -c test.c
In file included from bashintl.h:30,
                 from test.c:55:
test.c: In function 'beyond':
./include/gettext.h:46:26: warning: passing argument 1 of 'test_syntax_error' discards 'const' qualifier from pointer target type [-Wdiscarded-qualifiers]
   46 | # define gettext(Msgid) ((const char *) (Msgid))
      |                         ~^~~~~~~~~~~~~~~~~~~~~~~
bashintl.h:36:25: note: in expansion of macro 'gettext'
   36 | #define _(msgid)        gettext(msgid)
      |                         ^~~~~~~
test.c:156:22: note: in expansion of macro '_'
  156 |   test_syntax_error (_("argument expected"), (char *)NULL);
      |                      ^
test.c:143:26: note: expected 'char *' but argument is of type 'const char *'
  143 | test_syntax_error (char *format, char *arg)
      |                    ~~~~~~^~~~~~
test.c: In function 'integer_expected_error':
./include/gettext.h:46:26: warning: passing argument 1 of 'test_syntax_error' discards 'const' qualifier from pointer target type [-Wdiscarded-qualifiers]
   46 | # define gettext(Msgid) ((const char *) (Msgid))
      |                         ~^~~~~~~~~~~~~~~~~~~~~~~
bashintl.h:36:25: note: in expansion of macro 'gettext'
   36 | #define _(msgid)        gettext(msgid)
      |                         ^~~~~~~
test.c:164:22: note: in expansion of macro '_'
  164 |   test_syntax_error (_("%s: integer expected"), pch);
      |                      ^
test.c:143:26: note: expected 'char *' but argument is of type 'const char *'
  143 | test_syntax_error (char *format, char *arg)
      |                    ~~~~~~^~~~~~
test.c: In function 'term':
./include/gettext.h:46:26: warning: passing argument 1 of 'test_syntax_error' discards 'const' qualifier from pointer target type [-Wdiscarded-qualifiers]
   46 | # define gettext(Msgid) ((const char *) (Msgid))
      |                         ~^~~~~~~~~~~~~~~~~~~~~~~
bashintl.h:36:25: note: in expansion of macro 'gettext'
   36 | #define _(msgid)        gettext(msgid)
      |                         ^~~~~~~
test.c:292:28: note: in expansion of macro '_'
  292 |         test_syntax_error (_("`)' expected"), (char *)NULL);
      |                            ^
test.c:143:26: note: expected 'char *' but argument is of type 'const char *'
  143 | test_syntax_error (char *format, char *arg)
      |                    ~~~~~~^~~~~~
./include/gettext.h:46:26: warning: passing argument 1 of 'test_syntax_error' discards 'const' qualifier from pointer target type [-Wdiscarded-qualifiers]
   46 | # define gettext(Msgid) ((const char *) (Msgid))
      |                         ~^~~~~~~~~~~~~~~~~~~~~~~
bashintl.h:36:25: note: in expansion of macro 'gettext'
   36 | #define _(msgid)        gettext(msgid)
      |                         ^~~~~~~
test.c:294:28: note: in expansion of macro '_'
  294 |         test_syntax_error (_("`)' expected, found %s"), argv[pos]);
      |                            ^
test.c:143:26: note: expected 'char *' but argument is of type 'const char *'
  143 | test_syntax_error (char *format, char *arg)
      |                    ~~~~~~^~~~~~
test.c: In function 'binary_operator':
./include/gettext.h:46:26: warning: passing argument 1 of 'test_syntax_error' discards 'const' qualifier from pointer target type [-Wdiscarded-qualifiers]
   46 | # define gettext(Msgid) ((const char *) (Msgid))
      |                         ~^~~~~~~~~~~~~~~~~~~~~~~
bashintl.h:36:25: note: in expansion of macro 'gettext'
   36 | #define _(msgid)        gettext(msgid)
      |                         ^~~~~~~
test.c:488:26: note: in expansion of macro '_'
  488 |       test_syntax_error (_("%s: binary operator expected"), w);
      |                          ^
test.c:143:26: note: expected 'char *' but argument is of type 'const char *'
  143 | test_syntax_error (char *format, char *arg)
      |                    ~~~~~~^~~~~~
test.c: In function 'two_arguments':
./include/gettext.h:46:26: warning: passing argument 1 of 'test_syntax_error' discards 'const' qualifier from pointer target type [-Wdiscarded-qualifiers]
   46 | # define gettext(Msgid) ((const char *) (Msgid))
      |                         ~^~~~~~~~~~~~~~~~~~~~~~~
bashintl.h:36:25: note: in expansion of macro 'gettext'
   36 | #define _(msgid)        gettext(msgid)
      |                         ^~~~~~~
test.c:792:28: note: in expansion of macro '_'
  792 |         test_syntax_error (_("%s: unary operator expected"), argv[pos]);
      |                            ^
test.c:143:26: note: expected 'char *' but argument is of type 'const char *'
  143 | test_syntax_error (char *format, char *arg)
      |                    ~~~~~~^~~~~~
./include/gettext.h:46:26: warning: passing argument 1 of 'test_syntax_error' discards 'const' qualifier from pointer target type [-Wdiscarded-qualifiers]
   46 | # define gettext(Msgid) ((const char *) (Msgid))
      |                         ~^~~~~~~~~~~~~~~~~~~~~~~
bashintl.h:36:25: note: in expansion of macro 'gettext'
   36 | #define _(msgid)        gettext(msgid)
      |                         ^~~~~~~
test.c:795:24: note: in expansion of macro '_'
  795 |     test_syntax_error (_("%s: unary operator expected"), argv[pos]);
      |                        ^
test.c:143:26: note: expected 'char *' but argument is of type 'const char *'
  143 | test_syntax_error (char *format, char *arg)
      |                    ~~~~~~^~~~~~
test.c: In function 'three_arguments':
./include/gettext.h:46:26: warning: passing argument 1 of 'test_syntax_error' discards 'const' qualifier from pointer target type [-Wdiscarded-qualifiers]
   46 | # define gettext(Msgid) ((const char *) (Msgid))
      |                         ~^~~~~~~~~~~~~~~~~~~~~~~
bashintl.h:36:25: note: in expansion of macro 'gettext'
   36 | #define _(msgid)        gettext(msgid)
      |                         ^~~~~~~
test.c:831:24: note: in expansion of macro '_'
  831 |     test_syntax_error (_("%s: binary operator expected"), argv[pos+1]);
      |                        ^
test.c:143:26: note: expected 'char *' but argument is of type 'const char *'
  143 | test_syntax_error (char *format, char *arg)
      |                    ~~~~~~^~~~~~
test.c: In function 'test_command':
./include/gettext.h:46:26: warning: passing argument 1 of 'test_syntax_error' discards 'const' qualifier from pointer target type [-Wdiscarded-qualifiers]
   46 | # define gettext(Msgid) ((const char *) (Msgid))
      |                         ~^~~~~~~~~~~~~~~~~~~~~~~
bashintl.h:36:25: note: in expansion of macro 'gettext'
   36 | #define _(msgid)        gettext(msgid)
      |                         ^~~~~~~
test.c:926:28: note: in expansion of macro '_'
  926 |         test_syntax_error (_("missing `]'"), (char *)NULL);
      |                            ^
test.c:143:26: note: expected 'char *' but argument is of type 'const char *'
  143 | test_syntax_error (char *format, char *arg)
      |                    ~~~~~~^~~~~~
./include/gettext.h:46:26: warning: passing argument 1 of 'test_syntax_error' discards 'const' qualifier from pointer target type [-Wdiscarded-qualifiers]
   46 | # define gettext(Msgid) ((const char *) (Msgid))
      |                         ~^~~~~~~~~~~~~~~~~~~~~~~
bashintl.h:36:25: note: in expansion of macro 'gettext'
   36 | #define _(msgid)        gettext(msgid)
      |                         ^~~~~~~
test.c:944:28: note: in expansion of macro '_'
  944 |         test_syntax_error (_("syntax error: `%s' unexpected"), argv[pos]);
      |                            ^
test.c:143:26: note: expected 'char *' but argument is of type 'const char *'
  143 | test_syntax_error (char *format, char *arg)
      |                    ~~~~~~^~~~~~
./include/gettext.h:46:26: warning: passing argument 1 of 'test_syntax_error' discards 'const' qualifier from pointer target type [-Wdiscarded-qualifiers]
   46 | # define gettext(Msgid) ((const char *) (Msgid))
      |                         ~^~~~~~~~~~~~~~~~~~~~~~~
bashintl.h:36:25: note: in expansion of macro 'gettext'
   36 | #define _(msgid)        gettext(msgid)
      |                         ^~~~~~~
test.c:946:28: note: in expansion of macro '_'
  946 |         test_syntax_error (_("too many arguments"), (char *)NULL);
      |                            ^
test.c:143:26: note: expected 'char *' but argument is of type 'const char *'
  143 | test_syntax_error (char *format, char *arg)
      |                    ~~~~~~^~~~~~
rm -f mksyntax
gcc -DPROGRAM='"bash"' -DCONF_HOSTTYPE='"aarch64"' -DCONF_OSTYPE='"linux-gnu"' -DCONF_MACHTYPE='"aarch64-swe-linux-gnu"' -DCONF_VENDOR='"swe"' -DLOCALEDIR='"/tools/share/locale"' -DPACKAGE='"bash"' -DSHELL -DHAVE_CONFIG_H   -I.  -I. -I./include -I./lib    -O2 -pipe -fPIC   -L./lib/termcap -rdynamic -O2 -pipe -fPIC   -rdynamic -O2 -pipe -fPIC  -o mksyntax ./mksyntax.c 
rm -f alias.o
gcc  -DPROGRAM='"bash"' -DCONF_HOSTTYPE='"aarch64"' -DCONF_OSTYPE='"linux-gnu"' -DCONF_MACHTYPE='"aarch64-swe-linux-gnu"' -DCONF_VENDOR='"swe"' -DLOCALEDIR='"/tools/share/locale"' -DPACKAGE='"bash"' -DSHELL -DHAVE_CONFIG_H   -I.  -I. -I./include -I./lib     -O2 -pipe -fPIC -c alias.c
rm -f array.o
gcc  -DPROGRAM='"bash"' -DCONF_HOSTTYPE='"aarch64"' -DCONF_OSTYPE='"linux-gnu"' -DCONF_MACHTYPE='"aarch64-swe-linux-gnu"' -DCONF_VENDOR='"swe"' -DLOCALEDIR='"/tools/share/locale"' -DPACKAGE='"bash"' -DSHELL -DHAVE_CONFIG_H   -I.  -I. -I./include -I./lib     -O2 -pipe -fPIC -c array.c
rm -f arrayfunc.o
gcc  -DPROGRAM='"bash"' -DCONF_HOSTTYPE='"aarch64"' -DCONF_OSTYPE='"linux-gnu"' -DCONF_MACHTYPE='"aarch64-swe-linux-gnu"' -DCONF_VENDOR='"swe"' -DLOCALEDIR='"/tools/share/locale"' -DPACKAGE='"bash"' -DSHELL -DHAVE_CONFIG_H   -I.  -I. -I./include -I./lib     -O2 -pipe -fPIC -c arrayfunc.c
rm -f assoc.o
gcc  -DPROGRAM='"bash"' -DCONF_HOSTTYPE='"aarch64"' -DCONF_OSTYPE='"linux-gnu"' -DCONF_MACHTYPE='"aarch64-swe-linux-gnu"' -DCONF_VENDOR='"swe"' -DLOCALEDIR='"/tools/share/locale"' -DPACKAGE='"bash"' -DSHELL -DHAVE_CONFIG_H   -I.  -I. -I./include -I./lib     -O2 -pipe -fPIC -c assoc.c
gcc -L./lib/termcap -rdynamic -O2 -pipe -fPIC -rdynamic -O2 -pipe -fPIC  -o mkbuiltins mkbuiltins.o -ldl 
make[2]: Leaving directory '/root/SmoothWall-pi/distrib/build/sources/bash/bash-5.3/builtins'
rm -f braces.o
gcc  -DPROGRAM='"bash"' -DCONF_HOSTTYPE='"aarch64"' -DCONF_OSTYPE='"linux-gnu"' -DCONF_MACHTYPE='"aarch64-swe-linux-gnu"' -DCONF_VENDOR='"swe"' -DLOCALEDIR='"/tools/share/locale"' -DPACKAGE='"bash"' -DSHELL -DHAVE_CONFIG_H   -I.  -I. -I./include -I./lib     -O2 -pipe -fPIC -c braces.c
rm -f bracecomp.o
gcc  -DPROGRAM='"bash"' -DCONF_HOSTTYPE='"aarch64"' -DCONF_OSTYPE='"linux-gnu"' -DCONF_MACHTYPE='"aarch64-swe-linux-gnu"' -DCONF_VENDOR='"swe"' -DLOCALEDIR='"/tools/share/locale"' -DPACKAGE='"bash"' -DSHELL -DHAVE_CONFIG_H   -I.  -I. -I./include -I./lib     -O2 -pipe -fPIC -c bracecomp.c
rm -f bashhist.o
gcc  -DPROGRAM='"bash"' -DCONF_HOSTTYPE='"aarch64"' -DCONF_OSTYPE='"linux-gnu"' -DCONF_MACHTYPE='"aarch64-swe-linux-gnu"' -DCONF_VENDOR='"swe"' -DLOCALEDIR='"/tools/share/locale"' -DPACKAGE='"bash"' -DSHELL -DHAVE_CONFIG_H   -I.  -I. -I./include -I./lib     -O2 -pipe -fPIC -c bashhist.c
rm -f bashline.o
gcc  -DPROGRAM='"bash"' -DCONF_HOSTTYPE='"aarch64"' -DCONF_OSTYPE='"linux-gnu"' -DCONF_MACHTYPE='"aarch64-swe-linux-gnu"' -DCONF_VENDOR='"swe"' -DLOCALEDIR='"/tools/share/locale"' -DPACKAGE='"bash"' -DSHELL -DHAVE_CONFIG_H   -I.  -I. -I./include -I./lib     -O2 -pipe -fPIC -c bashline.c
rm -f list.o
gcc  -DPROGRAM='"bash"' -DCONF_HOSTTYPE='"aarch64"' -DCONF_OSTYPE='"linux-gnu"' -DCONF_MACHTYPE='"aarch64-swe-linux-gnu"' -DCONF_VENDOR='"swe"' -DLOCALEDIR='"/tools/share/locale"' -DPACKAGE='"bash"' -DSHELL -DHAVE_CONFIG_H   -I.  -I. -I./include -I./lib     -O2 -pipe -fPIC -c list.c
rm -f stringlib.o
gcc  -DPROGRAM='"bash"' -DCONF_HOSTTYPE='"aarch64"' -DCONF_OSTYPE='"linux-gnu"' -DCONF_MACHTYPE='"aarch64-swe-linux-gnu"' -DCONF_VENDOR='"swe"' -DLOCALEDIR='"/tools/share/locale"' -DPACKAGE='"bash"' -DSHELL -DHAVE_CONFIG_H   -I.  -I. -I./include -I./lib     -O2 -pipe -fPIC -c stringlib.c
rm -f locale.o
gcc  -DPROGRAM='"bash"' -DCONF_HOSTTYPE='"aarch64"' -DCONF_OSTYPE='"linux-gnu"' -DCONF_MACHTYPE='"aarch64-swe-linux-gnu"' -DCONF_VENDOR='"swe"' -DLOCALEDIR='"/tools/share/locale"' -DPACKAGE='"bash"' -DSHELL -DHAVE_CONFIG_H   -I.  -I. -I./include -I./lib     -O2 -pipe -fPIC -c locale.c
locale.c: In function 'localetrans':
locale.c:458:16: warning: assignment discards 'const' qualifier from pointer target type [-Wdiscarded-qualifiers]
  458 |     translated = dgettext (default_domain, string);
      |                ^
rm -f findcmd.o
gcc  -DPROGRAM='"bash"' -DCONF_HOSTTYPE='"aarch64"' -DCONF_OSTYPE='"linux-gnu"' -DCONF_MACHTYPE='"aarch64-swe-linux-gnu"' -DCONF_VENDOR='"swe"' -DLOCALEDIR='"/tools/share/locale"' -DPACKAGE='"bash"' -DSHELL -DHAVE_CONFIG_H   -I.  -I. -I./include -I./lib     -O2 -pipe -fPIC -c findcmd.c
make[2]: Entering directory '/root/SmoothWall-pi/distrib/build/sources/bash/bash-5.3/builtins'
rm -f builtins.o
gcc -c   -DHAVE_CONFIG_H -DSHELL -I. -I..  -I.. -I../include -I../lib -I.     -O2 -pipe -fPIC builtins.c
rm -f pcomplete.o
rm -f alias.o
./mkbuiltins -D . alias.def
gcc  -DPROGRAM='"bash"' -DCONF_HOSTTYPE='"aarch64"' -DCONF_OSTYPE='"linux-gnu"' -DCONF_MACHTYPE='"aarch64-swe-linux-gnu"' -DCONF_VENDOR='"swe"' -DLOCALEDIR='"/tools/share/locale"' -DPACKAGE='"bash"' -DSHELL -DHAVE_CONFIG_H   -I.  -I. -I./include -I./lib     -O2 -pipe -fPIC -c pcomplete.c
gcc -c   -DHAVE_CONFIG_H -DSHELL -I. -I..  -I.. -I../include -I../lib -I.     -O2 -pipe -fPIC alias.c || ( rm -f alias.c ; exit 1 )
rm -f bind.o
./mkbuiltins -D . bind.def
gcc -c   -DHAVE_CONFIG_H -DSHELL -I. -I..  -I.. -I../include -I../lib -I.     -O2 -pipe -fPIC bind.c || ( rm -f bind.c ; exit 1 )
rm -f alias.c
rm -f break.o
./mkbuiltins -D . break.def
gcc -c   -DHAVE_CONFIG_H -DSHELL -I. -I..  -I.. -I../include -I../lib -I.     -O2 -pipe -fPIC break.c || ( rm -f break.c ; exit 1 )
rm -f break.c
rm -f builtin.o
./mkbuiltins -D . builtin.def
gcc -c   -DHAVE_CONFIG_H -DSHELL -I. -I..  -I.. -I../include -I../lib -I.     -O2 -pipe -fPIC builtin.c || ( rm -f builtin.c ; exit 1 )
rm -f bind.c
rm -f caller.o
./mkbuiltins -D . caller.def
gcc -c   -DHAVE_CONFIG_H -DSHELL -I. -I..  -I.. -I../include -I../lib -I.     -O2 -pipe -fPIC caller.c || ( rm -f caller.c ; exit 1 )
rm -f builtin.c
rm -f cd.o
./mkbuiltins -D . cd.def
gcc -c   -DHAVE_CONFIG_H -DSHELL -I. -I..  -I.. -I../include -I../lib -I.     -O2 -pipe -fPIC cd.c || ( rm -f cd.c ; exit 1 )
rm -f caller.c
rm -f colon.o
./mkbuiltins -D . colon.def
gcc -c   -DHAVE_CONFIG_H -DSHELL -I. -I..  -I.. -I../include -I../lib -I.     -O2 -pipe -fPIC colon.c || ( rm -f colon.c ; exit 1 )
rm -f colon.c
rm -f command.o
./mkbuiltins -D . command.def
gcc -c   -DHAVE_CONFIG_H -DSHELL -I. -I..  -I.. -I../include -I../lib -I.     -O2 -pipe -fPIC command.c || ( rm -f command.c ; exit 1 )
rm -f cd.c
rm -f common.o
gcc -c   -DHAVE_CONFIG_H -DSHELL -I. -I..  -I.. -I../include -I../lib -I.     -O2 -pipe -fPIC common.c
rm -f command.c
rm -f declare.o
./mkbuiltins -D . declare.def
gcc -c   -DHAVE_CONFIG_H -DSHELL -I. -I..  -I.. -I../include -I../lib -I.     -O2 -pipe -fPIC declare.c || ( rm -f declare.c ; exit 1 )
common.c: In function 'sh_invalidnum':
common.c:219:9: warning: assignment discards 'const' qualifier from pointer target type [-Wdiscarded-qualifiers]
  219 |     msg = _("invalid octal number");
      |         ^
common.c:221:9: warning: assignment discards 'const' qualifier from pointer target type [-Wdiscarded-qualifiers]
  221 |     msg = _("invalid hex number");
      |         ^
common.c:223:9: warning: assignment discards 'const' qualifier from pointer target type [-Wdiscarded-qualifiers]
  223 |     msg = _("invalid number");
      |         ^
rm -f pcomplib.o
gcc  -DPROGRAM='"bash"' -DCONF_HOSTTYPE='"aarch64"' -DCONF_OSTYPE='"linux-gnu"' -DCONF_MACHTYPE='"aarch64-swe-linux-gnu"' -DCONF_VENDOR='"swe"' -DLOCALEDIR='"/tools/share/locale"' -DPACKAGE='"bash"' -DSHELL -DHAVE_CONFIG_H   -I.  -I. -I./include -I./lib     -O2 -pipe -fPIC -c pcomplib.c
rm -f xmalloc.o
gcc  -DPROGRAM='"bash"' -DCONF_HOSTTYPE='"aarch64"' -DCONF_OSTYPE='"linux-gnu"' -DCONF_MACHTYPE='"aarch64-swe-linux-gnu"' -DCONF_VENDOR='"swe"' -DLOCALEDIR='"/tools/share/locale"' -DPACKAGE='"bash"' -DSHELL -DHAVE_CONFIG_H   -I.  -I. -I./include -I./lib     -O2 -pipe -fPIC -c xmalloc.c
make[2]: Entering directory '/root/SmoothWall-pi/distrib/build/sources/bash/bash-5.3/support'
rm -f man2html.o
gcc -c  -DHAVE_CONFIG_H -DSHELL -I/root/SmoothWall-pi/distrib/build/sources/bash/bash-5.3 -I..    -O2 -pipe -fPIC man2html.c
rm -f echo.o
./mkbuiltins -D . echo.def
gcc -c   -DHAVE_CONFIG_H -DSHELL -I. -I..  -I.. -I../include -I../lib -I.     -O2 -pipe -fPIC echo.c || ( rm -f echo.c ; exit 1 )
rm -f echo.c
rm -f enable.o
./mkbuiltins -D . enable.def
gcc -c   -DHAVE_CONFIG_H -DSHELL -I. -I..  -I.. -I../include -I../lib -I.     -O2 -pipe -fPIC enable.c || ( rm -f enable.c ; exit 1 )
rm -f declare.c
rm -f eval.o
./mkbuiltins -D . eval.def
gcc -c   -DHAVE_CONFIG_H -DSHELL -I. -I..  -I.. -I../include -I../lib -I.     -O2 -pipe -fPIC eval.c || ( rm -f eval.c ; exit 1 )
rm -f eval.c
rm -f evalfile.o
gcc -c   -DHAVE_CONFIG_H -DSHELL -I. -I..  -I.. -I../include -I../lib -I.     -O2 -pipe -fPIC evalfile.c
rm -f enable.c
rm -f evalstring.o
gcc -c   -DHAVE_CONFIG_H -DSHELL -I. -I..  -I.. -I../include -I../lib -I.     -O2 -pipe -fPIC evalstring.c
rm -f exec.o
./mkbuiltins -D . exec.def
gcc -c   -DHAVE_CONFIG_H -DSHELL -I. -I..  -I.. -I../include -I../lib -I.     -O2 -pipe -fPIC exec.c || ( rm -f exec.c ; exit 1 )
rm -f exec.c
rm -f exit.o
./mkbuiltins -D . exit.def
gcc -c   -DHAVE_CONFIG_H -DSHELL -I. -I..  -I.. -I../include -I../lib -I.     -O2 -pipe -fPIC exit.c || ( rm -f exit.c ; exit 1 )
rm -f fc.o
./mkbuiltins -D . fc.def
gcc -c   -DHAVE_CONFIG_H -DSHELL -I. -I..  -I.. -I../include -I../lib -I.     -O2 -pipe -fPIC fc.c || ( rm -f fc.c ; exit 1 )
rm -f exit.c
rm -f fg_bg.o
./mkbuiltins -D . fg_bg.def
gcc -c   -DHAVE_CONFIG_H -DSHELL -I. -I..  -I.. -I../include -I../lib -I.     -O2 -pipe -fPIC fg_bg.c || ( rm -f fg_bg.c ; exit 1 )
rm -f shell.o
gcc  -DPROGRAM='"bash"' -DCONF_HOSTTYPE='"aarch64"' -DCONF_OSTYPE='"linux-gnu"' -DCONF_MACHTYPE='"aarch64-swe-linux-gnu"' -DCONF_VENDOR='"swe"' -DLOCALEDIR='"/tools/share/locale"' -DPACKAGE='"bash"' -DSHELL -DHAVE_CONFIG_H   -I.  -I. -I./include -I./lib     -O2 -pipe -fPIC -c shell.c
rm -f fg_bg.c
rm -f hash.o
./mkbuiltins -D . hash.def
gcc -c   -DHAVE_CONFIG_H -DSHELL -I. -I..  -I.. -I../include -I../lib -I.     -O2 -pipe -fPIC hash.c || ( rm -f hash.c ; exit 1 )
shell.c: In function 'get_current_user_info':
shell.c:1899:34: warning: assignment discards 'const' qualifier from pointer target type [-Wdiscarded-qualifiers]
 1899 |           current_user.user_name = _("I have no name!");
      |                                  ^
rm -f hash.c
rm -f help.o
./mkbuiltins -D . help.def
gcc -c   -DHAVE_CONFIG_H -DSHELL -I. -I..  -I.. -I../include -I../lib -I.     -O2 -pipe -fPIC help.c || ( rm -f help.c ; exit 1 )
rm -f fc.c
rm -f eval.o
gcc  -DPROGRAM='"bash"' -DCONF_HOSTTYPE='"aarch64"' -DCONF_OSTYPE='"linux-gnu"' -DCONF_MACHTYPE='"aarch64-swe-linux-gnu"' -DCONF_VENDOR='"swe"' -DLOCALEDIR='"/tools/share/locale"' -DPACKAGE='"bash"' -DSHELL -DHAVE_CONFIG_H   -I.  -I. -I./include -I./lib     -O2 -pipe -fPIC -c eval.c
./help.def: In function 'show_manpage':
./help.def:313:10: warning: assignment discards 'const' qualifier from pointer target type [-Wdiscarded-qualifiers]
  313 |     line = doc ? _(doc[0]) : (char *)NULL;
      |          ^
./help.def: In function 'dispcolumn':
./help.def:378:11: warning: assignment discards 'const' qualifier from pointer target type [-Wdiscarded-qualifiers]
  378 |   helpdoc = _(shell_builtins[i].short_doc);
      |           ^
./help.def:397:11: warning: assignment discards 'const' qualifier from pointer target type [-Wdiscarded-qualifiers]
  397 |   helpdoc = _(shell_builtins[i+height].short_doc);
      |           ^
./help.def: In function 'wdispcolumn':
./help.def:418:11: warning: assignment discards 'const' qualifier from pointer target type [-Wdiscarded-qualifiers]
  418 |   helpdoc = _(shell_builtins[i].short_doc);
      |           ^
./help.def:467:11: warning: assignment discards 'const' qualifier from pointer target type [-Wdiscarded-qualifiers]
  467 |   helpdoc = _(shell_builtins[i+height].short_doc);
      |           ^
eval.c: In function 'alrm_catcher':
eval.c:260:7: warning: assignment discards 'const' qualifier from pointer target type [-Wdiscarded-qualifiers]
  260 |   msg = _("\007timed out waiting for input: auto-logout\n");
      |       ^
rm -f execute_cmd.o
gcc  -DPROGRAM='"bash"' -DCONF_HOSTTYPE='"aarch64"' -DCONF_OSTYPE='"linux-gnu"' -DCONF_MACHTYPE='"aarch64-swe-linux-gnu"' -DCONF_VENDOR='"swe"' -DLOCALEDIR='"/tools/share/locale"' -DPACKAGE='"bash"' -DSHELL -DHAVE_CONFIG_H   -I.  -I. -I./include -I./lib     -O2 -pipe -fPIC -c execute_cmd.c
execute_cmd.c: In function 'init_notfound_str':
execute_cmd.c:5762:18: warning: assignment discards 'const' qualifier from pointer target type [-Wdiscarded-qualifiers]
 5762 |     notfound_str = _("command not found");
      |                  ^
rm -f help.c
rm -f history.o
./mkbuiltins -D . history.def
gcc -c   -DHAVE_CONFIG_H -DSHELL -I. -I..  -I.. -I../include -I../lib -I.     -O2 -pipe -fPIC history.c || ( rm -f history.c ; exit 1 )
rm -f general.o
gcc  -DPROGRAM='"bash"' -DCONF_HOSTTYPE='"aarch64"' -DCONF_OSTYPE='"linux-gnu"' -DCONF_MACHTYPE='"aarch64-swe-linux-gnu"' -DCONF_VENDOR='"swe"' -DLOCALEDIR='"/tools/share/locale"' -DPACKAGE='"bash"' -DSHELL -DHAVE_CONFIG_H   -I.  -I. -I./include -I./lib     -O2 -pipe -fPIC -c general.c
rm -f history.c
rm -f jobs.o
./mkbuiltins -D . jobs.def
gcc -c   -DHAVE_CONFIG_H -DSHELL -I. -I..  -I.. -I../include -I../lib -I.     -O2 -pipe -fPIC jobs.c || ( rm -f jobs.c ; exit 1 )
rm -f jobs.c
rm -f kill.o
./mkbuiltins -D . kill.def
gcc -c   -DHAVE_CONFIG_H -DSHELL -I. -I..  -I.. -I../include -I../lib -I.     -O2 -pipe -fPIC kill.c || ( rm -f kill.c ; exit 1 )
./kill.def: In function 'kill_error':
./kill.def:280:7: warning: assignment discards 'const' qualifier from pointer target type [-Wdiscarded-qualifiers]
  280 |     x = _("Unknown error");
      |       ^
rm -f kill.c
rm -f let.o
./mkbuiltins -D . let.def
gcc -c   -DHAVE_CONFIG_H -DSHELL -I. -I..  -I.. -I../include -I../lib -I.     -O2 -pipe -fPIC let.c || ( rm -f let.c ; exit 1 )
rm -f let.c
rm -f mapfile.o
rm -f pushd.o
./mkbuiltins -D . mapfile.def
./mkbuiltins -D . pushd.def
gcc -c   -DHAVE_CONFIG_H -DSHELL -I. -I..  -I.. -I../include -I../lib -I.     -O2 -pipe -fPIC mapfile.c || ( rm -f mapfile.c ; exit 1 )
gcc -c   -DHAVE_CONFIG_H -DSHELL -I. -I..  -I.. -I../include -I../lib -I.     -O2 -pipe -fPIC pushd.c || ( rm -f pushd.c ; exit 1 )
rm -f mapfile.c
rm -f make_cmd.o
gcc  -DPROGRAM='"bash"' -DCONF_HOSTTYPE='"aarch64"' -DCONF_OSTYPE='"linux-gnu"' -DCONF_MACHTYPE='"aarch64-swe-linux-gnu"' -DCONF_VENDOR='"swe"' -DLOCALEDIR='"/tools/share/locale"' -DPACKAGE='"bash"' -DSHELL -DHAVE_CONFIG_H   -I.  -I. -I./include -I./lib     -O2 -pipe -fPIC -c make_cmd.c
rm -f pushd.c
rm -f read.o
./mkbuiltins -D . read.def
gcc -c   -DHAVE_CONFIG_H -DSHELL -I. -I..  -I.. -I../include -I../lib -I.     -O2 -pipe -fPIC read.c || ( rm -f read.c ; exit 1 )
rm -f print_cmd.o
gcc  -DPROGRAM='"bash"' -DCONF_HOSTTYPE='"aarch64"' -DCONF_OSTYPE='"linux-gnu"' -DCONF_MACHTYPE='"aarch64-swe-linux-gnu"' -DCONF_VENDOR='"swe"' -DLOCALEDIR='"/tools/share/locale"' -DPACKAGE='"bash"' -DSHELL -DHAVE_CONFIG_H   -I.  -I. -I./include -I./lib     -O2 -pipe -fPIC -c print_cmd.c
gcc -L./lib/termcap -rdynamic -rdynamic -O2 -pipe -fPIC man2html.o -o man2html -ldl 		
make[2]: Leaving directory '/root/SmoothWall-pi/distrib/build/sources/bash/bash-5.3/support'
rm -f dispose_cmd.o
gcc  -DPROGRAM='"bash"' -DCONF_HOSTTYPE='"aarch64"' -DCONF_OSTYPE='"linux-gnu"' -DCONF_MACHTYPE='"aarch64-swe-linux-gnu"' -DCONF_VENDOR='"swe"' -DLOCALEDIR='"/tools/share/locale"' -DPACKAGE='"bash"' -DSHELL -DHAVE_CONFIG_H   -I.  -I. -I./include -I./lib     -O2 -pipe -fPIC -c dispose_cmd.c
rm -f return.o
./mkbuiltins -D . return.def
gcc -c   -DHAVE_CONFIG_H -DSHELL -I. -I..  -I.. -I../include -I../lib -I.     -O2 -pipe -fPIC return.c || ( rm -f return.c ; exit 1 )
rm -f return.c
rm -f set.o
./mkbuiltins -D . set.def
gcc -c   -DHAVE_CONFIG_H -DSHELL -I. -I..  -I.. -I../include -I../lib -I.     -O2 -pipe -fPIC set.c || ( rm -f set.c ; exit 1 )
rm -f read.c
rm -f setattr.o
./mkbuiltins -D . setattr.def
gcc -c   -DHAVE_CONFIG_H -DSHELL -I. -I..  -I.. -I../include -I../lib -I.     -O2 -pipe -fPIC setattr.c || ( rm -f setattr.c ; exit 1 )
rm -f variables.o
gcc  -DPROGRAM='"bash"' -DCONF_HOSTTYPE='"aarch64"' -DCONF_OSTYPE='"linux-gnu"' -DCONF_MACHTYPE='"aarch64-swe-linux-gnu"' -DCONF_VENDOR='"swe"' -DLOCALEDIR='"/tools/share/locale"' -DPACKAGE='"bash"' -DSHELL -DHAVE_CONFIG_H   -I.  -I. -I./include -I./lib     -O2 -pipe -fPIC -c variables.c
rm -f set.c
rm -f shift.o
./mkbuiltins -D . shift.def
gcc -c   -DHAVE_CONFIG_H -DSHELL -I. -I..  -I.. -I../include -I../lib -I.     -O2 -pipe -fPIC shift.c || ( rm -f shift.c ; exit 1 )
rm -f shift.c
rm -f source.o
./mkbuiltins -D . source.def
gcc -c   -DHAVE_CONFIG_H -DSHELL -I. -I..  -I.. -I../include -I../lib -I.     -O2 -pipe -fPIC source.c || ( rm -f source.c ; exit 1 )
rm -f setattr.c
rm -f suspend.o
./mkbuiltins -D . suspend.def
gcc -c   -DHAVE_CONFIG_H -DSHELL -I. -I..  -I.. -I../include -I../lib -I.     -O2 -pipe -fPIC suspend.c || ( rm -f suspend.c ; exit 1 )
rm -f source.c
rm -f copy_cmd.o
gcc  -DPROGRAM='"bash"' -DCONF_HOSTTYPE='"aarch64"' -DCONF_OSTYPE='"linux-gnu"' -DCONF_MACHTYPE='"aarch64-swe-linux-gnu"' -DCONF_VENDOR='"swe"' -DLOCALEDIR='"/tools/share/locale"' -DPACKAGE='"bash"' -DSHELL -DHAVE_CONFIG_H   -I.  -I. -I./include -I./lib     -O2 -pipe -fPIC -c copy_cmd.c
rm -f suspend.c
rm -f test.o
./mkbuiltins -D . test.def
gcc -c   -DHAVE_CONFIG_H -DSHELL -I. -I..  -I.. -I../include -I../lib -I.     -O2 -pipe -fPIC test.c || ( rm -f test.c ; exit 1 )
rm -f test.c
rm -f times.o
./mkbuiltins -D . times.def
gcc -c   -DHAVE_CONFIG_H -DSHELL -I. -I..  -I.. -I../include -I../lib -I.     -O2 -pipe -fPIC times.c || ( rm -f times.c ; exit 1 )
rm -f error.o
gcc  -DPROGRAM='"bash"' -DCONF_HOSTTYPE='"aarch64"' -DCONF_OSTYPE='"linux-gnu"' -DCONF_MACHTYPE='"aarch64-swe-linux-gnu"' -DCONF_VENDOR='"swe"' -DLOCALEDIR='"/tools/share/locale"' -DPACKAGE='"bash"' -DSHELL -DHAVE_CONFIG_H   -I.  -I. -I./include -I./lib     -O2 -pipe -fPIC -c error.c
rm -f times.c
rm -f trap.o
./mkbuiltins -D . trap.def
gcc -c   -DHAVE_CONFIG_H -DSHELL -I. -I..  -I.. -I../include -I../lib -I.     -O2 -pipe -fPIC trap.c || ( rm -f trap.c ; exit 1 )
In file included from bashintl.h:30,
                 from error.c:39:
error.c: In function 'command_errstr':
./include/gettext.h:46:26: warning: return discards 'const' qualifier from pointer target type [-Wdiscarded-qualifiers]
   46 | # define gettext(Msgid) ((const char *) (Msgid))
bashintl.h:36:25: note: in expansion of macro 'gettext'
   36 | #define _(msgid)        gettext(msgid)
      |                         ^~~~~~~
error.c:435:11: note: in expansion of macro '_'
  435 |   return (_(cmd_error_table[code]));
      |           ^
rm -f expr.o
gcc  -DPROGRAM='"bash"' -DCONF_HOSTTYPE='"aarch64"' -DCONF_OSTYPE='"linux-gnu"' -DCONF_MACHTYPE='"aarch64-swe-linux-gnu"' -DCONF_VENDOR='"swe"' -DLOCALEDIR='"/tools/share/locale"' -DPACKAGE='"bash"' -DSHELL -DHAVE_CONFIG_H   -I.  -I. -I./include -I./lib     -O2 -pipe -fPIC -c expr.c
rm -f type.o
./mkbuiltins -D . type.def
gcc -c   -DHAVE_CONFIG_H -DSHELL -I. -I..  -I.. -I../include -I../lib -I.     -O2 -pipe -fPIC type.c || ( rm -f type.c ; exit 1 )
rm -f trap.c
gcc  -DHAVE_CONFIG_H -DSHELL -I. -I..  -I.. -I../include -I../lib -I.     -O2 -pipe -fPIC  -L./lib/termcap -rdynamic -O2 -pipe -fPIC -rdynamic -O2 -pipe -fPIC  -o psize.aux ./psize.c
rm -f umask.o
./mkbuiltins -D . umask.def
gcc -c   -DHAVE_CONFIG_H -DSHELL -I. -I..  -I.. -I../include -I../lib -I.     -O2 -pipe -fPIC umask.c || ( rm -f umask.c ; exit 1 )
rm -f type.c
rm -f wait.o
./mkbuiltins -D . wait.def
gcc -c   -DHAVE_CONFIG_H -DSHELL -I. -I..  -I.. -I../include -I../lib -I.     -O2 -pipe -fPIC wait.c || ( rm -f wait.c ; exit 1 )
rm -f umask.c
rm -f getopts.o
./mkbuiltins -D . getopts.def
gcc -c   -DHAVE_CONFIG_H -DSHELL -I. -I..  -I.. -I../include -I../lib -I.     -O2 -pipe -fPIC getopts.c || ( rm -f getopts.c ; exit 1 )
rm -f wait.c
rm -f shopt.o
./mkbuiltins -D . shopt.def
gcc -c   -DHAVE_CONFIG_H -DSHELL -I. -I..  -I.. -I../include -I../lib -I.     -O2 -pipe -fPIC shopt.c || ( rm -f shopt.c ; exit 1 )
rm -f getopts.c
rm -f flags.o
gcc  -DPROGRAM='"bash"' -DCONF_HOSTTYPE='"aarch64"' -DCONF_OSTYPE='"linux-gnu"' -DCONF_MACHTYPE='"aarch64-swe-linux-gnu"' -DCONF_VENDOR='"swe"' -DLOCALEDIR='"/tools/share/locale"' -DPACKAGE='"bash"' -DSHELL -DHAVE_CONFIG_H   -I.  -I. -I./include -I./lib     -O2 -pipe -fPIC -c flags.c
rm -f jobs.o
gcc  -DPROGRAM='"bash"' -DCONF_HOSTTYPE='"aarch64"' -DCONF_OSTYPE='"linux-gnu"' -DCONF_MACHTYPE='"aarch64-swe-linux-gnu"' -DCONF_VENDOR='"swe"' -DLOCALEDIR='"/tools/share/locale"' -DPACKAGE='"bash"' -DSHELL -DHAVE_CONFIG_H   -I.  -I. -I./include -I./lib     -O2 -pipe -fPIC -c jobs.c
rm -f subst.o
gcc  -DPROGRAM='"bash"' -DCONF_HOSTTYPE='"aarch64"' -DCONF_OSTYPE='"linux-gnu"' -DCONF_MACHTYPE='"aarch64-swe-linux-gnu"' -DCONF_VENDOR='"swe"' -DLOCALEDIR='"/tools/share/locale"' -DPACKAGE='"bash"' -DSHELL -DHAVE_CONFIG_H   -I.  -I. -I./include -I./lib     -O2 -pipe -fPIC -c subst.c
jobs.c: In function 'printable_job_status':
jobs.c:1974:8: warning: assignment discards 'const' qualifier from pointer target type [-Wdiscarded-qualifiers]
 1974 |   temp = _("Done");
      |        ^
jobs.c:1979:14: warning: assignment discards 'const' qualifier from pointer target type [-Wdiscarded-qualifiers]
 1979 |         temp = _("Stopped");
      |              ^
jobs.c:1987:10: warning: assignment discards 'const' qualifier from pointer target type [-Wdiscarded-qualifiers]
 1987 |     temp = _("Running");
      |          ^
jobs.c:2009:14: warning: assignment discards 'const' qualifier from pointer target type [-Wdiscarded-qualifiers]
 2009 |         temp = _("Unknown status");
      |              ^
rm -f shopt.c
rm -f printf.o
./mkbuiltins -D . printf.def
gcc -c   -DHAVE_CONFIG_H -DSHELL -I. -I..  -I.. -I../include -I../lib -I.     -O2 -pipe -fPIC printf.c || ( rm -f printf.c ; exit 1 )
rm -f hashcmd.o
gcc  -DPROGRAM='"bash"' -DCONF_HOSTTYPE='"aarch64"' -DCONF_OSTYPE='"linux-gnu"' -DCONF_MACHTYPE='"aarch64-swe-linux-gnu"' -DCONF_VENDOR='"swe"' -DLOCALEDIR='"/tools/share/locale"' -DPACKAGE='"bash"' -DSHELL -DHAVE_CONFIG_H   -I.  -I. -I./include -I./lib     -O2 -pipe -fPIC -c hashcmd.c
rm -f hashlib.o
gcc  -DPROGRAM='"bash"' -DCONF_HOSTTYPE='"aarch64"' -DCONF_OSTYPE='"linux-gnu"' -DCONF_MACHTYPE='"aarch64-swe-linux-gnu"' -DCONF_VENDOR='"swe"' -DLOCALEDIR='"/tools/share/locale"' -DPACKAGE='"bash"' -DSHELL -DHAVE_CONFIG_H   -I.  -I. -I./include -I./lib     -O2 -pipe -fPIC -c hashlib.c
rm -f getopt.o
gcc -c   -DHAVE_CONFIG_H -DSHELL -I. -I..  -I.. -I../include -I../lib -I.     -O2 -pipe -fPIC getopt.c
rm -f bashgetopt.o
gcc -c   -DHAVE_CONFIG_H -DSHELL -I. -I..  -I.. -I../include -I../lib -I.     -O2 -pipe -fPIC bashgetopt.c
rm -f complete.o
./mkbuiltins -D . complete.def
gcc -c   -DHAVE_CONFIG_H -DSHELL -I. -I..  -I.. -I../include -I../lib -I.     -O2 -pipe -fPIC complete.c || ( rm -f complete.c ; exit 1 )
rm -f printf.c
/bin/sh ./psize.sh > pipesize.h
rm -f complete.c
rm -f mailcheck.o
gcc  -DPROGRAM='"bash"' -DCONF_HOSTTYPE='"aarch64"' -DCONF_OSTYPE='"linux-gnu"' -DCONF_MACHTYPE='"aarch64-swe-linux-gnu"' -DCONF_VENDOR='"swe"' -DLOCALEDIR='"/tools/share/locale"' -DPACKAGE='"bash"' -DSHELL -DHAVE_CONFIG_H   -I.  -I. -I./include -I./lib     -O2 -pipe -fPIC -c mailcheck.c
mailcheck.c: In function 'check_mail':
mailcheck.c:435:19: warning: assignment discards 'const' qualifier from pointer target type [-Wdiscarded-qualifiers]
  435 |           message = mailfiles[i]->msg ? mailfiles[i]->msg : _("You have mail in $_");
      |                   ^
mailcheck.c:460:21: warning: assignment discards 'const' qualifier from pointer target type [-Wdiscarded-qualifiers]
  460 |             message = _("You have new mail in $_");
      |                     ^
rm -f mksignames
gcc -DPROGRAM='"bash"' -DCONF_HOSTTYPE='"aarch64"' -DCONF_OSTYPE='"linux-gnu"' -DCONF_MACHTYPE='"aarch64-swe-linux-gnu"' -DCONF_VENDOR='"swe"' -DLOCALEDIR='"/tools/share/locale"' -DPACKAGE='"bash"' -DSHELL -DHAVE_CONFIG_H   -I.  -I. -I./include -I./lib    -O2 -pipe -fPIC   -L./lib/termcap -rdynamic -O2 -pipe -fPIC   -rdynamic -O2 -pipe -fPIC  -o mksignames mksignames.o buildsignames.o 
rm -f input.o
gcc  -DPROGRAM='"bash"' -DCONF_HOSTTYPE='"aarch64"' -DCONF_OSTYPE='"linux-gnu"' -DCONF_MACHTYPE='"aarch64-swe-linux-gnu"' -DCONF_VENDOR='"swe"' -DLOCALEDIR='"/tools/share/locale"' -DPACKAGE='"bash"' -DSHELL -DHAVE_CONFIG_H   -I.  -I. -I./include -I./lib     -O2 -pipe -fPIC -c input.c
rm -f sig.o
gcc  -DPROGRAM='"bash"' -DCONF_HOSTTYPE='"aarch64"' -DCONF_OSTYPE='"linux-gnu"' -DCONF_MACHTYPE='"aarch64-swe-linux-gnu"' -DCONF_VENDOR='"swe"' -DLOCALEDIR='"/tools/share/locale"' -DPACKAGE='"bash"' -DSHELL -DHAVE_CONFIG_H   -I.  -I. -I./include -I./lib     -O2 -pipe -fPIC -c sig.c
rm -f syntax.c
./mksyntax -o syntax.c
rm -f y.tab.o
gcc  -DPROGRAM='"bash"' -DCONF_HOSTTYPE='"aarch64"' -DCONF_OSTYPE='"linux-gnu"' -DCONF_MACHTYPE='"aarch64-swe-linux-gnu"' -DCONF_VENDOR='"swe"' -DLOCALEDIR='"/tools/share/locale"' -DPACKAGE='"bash"' -DSHELL -DHAVE_CONFIG_H   -I.  -I. -I./include -I./lib     -O2 -pipe -fPIC -c y.tab.c
rm -f lsignames.h
./mksignames lsignames.h
/bin/sh ./support/mkversion.sh -b -S . -s release -d 5.3 -o newversion.h \
	&& mv newversion.h version.h
rm -f syntax.o
gcc  -DPROGRAM='"bash"' -DCONF_HOSTTYPE='"aarch64"' -DCONF_OSTYPE='"linux-gnu"' -DCONF_MACHTYPE='"aarch64-swe-linux-gnu"' -DCONF_VENDOR='"swe"' -DLOCALEDIR='"/tools/share/locale"' -DPACKAGE='"bash"' -DSHELL -DHAVE_CONFIG_H   -I.  -I. -I./include -I./lib     -O2 -pipe -fPIC -c syntax.c
gcc -DPROGRAM='"bash"' -DCONF_HOSTTYPE='"aarch64"' -DCONF_OSTYPE='"linux-gnu"' -DCONF_MACHTYPE='"aarch64-swe-linux-gnu"' -DCONF_VENDOR='"swe"' -DLOCALEDIR='"/tools/share/locale"' -DPACKAGE='"bash"' -DSHELL -DHAVE_CONFIG_H   -I.  -I. -I./include -I./lib    -O2 -pipe -fPIC  -DBUILDTOOL -c -o buildversion.o ./version.c
/usr/local/src/chet/src/bash/src/parse.y: In function 'report_syntax_error':
/usr/local/src/chet/src/bash/src/parse.y:6905:8: warning: assignment discards 'const' qualifier from pointer target type [-Wdiscarded-qualifiers]
if cmp -s lsignames.h signames.h ; then :; else rm -f signames.h ; cp lsignames.h signames.h ; fi
rm -f version.o
gcc  -DPROGRAM='"bash"' -DCONF_HOSTTYPE='"aarch64"' -DCONF_OSTYPE='"linux-gnu"' -DCONF_MACHTYPE='"aarch64-swe-linux-gnu"' -DCONF_VENDOR='"swe"' -DLOCALEDIR='"/tools/share/locale"' -DPACKAGE='"bash"' -DSHELL -DHAVE_CONFIG_H   -I.  -I. -I./include -I./lib     -O2 -pipe -fPIC -c version.c
gcc -DPROGRAM='"bash"' -DCONF_HOSTTYPE='"aarch64"' -DCONF_OSTYPE='"linux-gnu"' -DCONF_MACHTYPE='"aarch64-swe-linux-gnu"' -DCONF_VENDOR='"swe"' -DLOCALEDIR='"/tools/share/locale"' -DPACKAGE='"bash"' -DSHELL -DHAVE_CONFIG_H   -I.  -I. -I./include -I./lib    -O2 -pipe -fPIC   -L./lib/termcap -rdynamic -O2 -pipe -fPIC   -rdynamic -O2 -pipe -fPIC  -o bashversion ./support/bashversion.c buildversion.o 
rm -f trap.o
gcc  -DPROGRAM='"bash"' -DCONF_HOSTTYPE='"aarch64"' -DCONF_OSTYPE='"linux-gnu"' -DCONF_MACHTYPE='"aarch64-swe-linux-gnu"' -DCONF_VENDOR='"swe"' -DLOCALEDIR='"/tools/share/locale"' -DPACKAGE='"bash"' -DSHELL -DHAVE_CONFIG_H   -I.  -I. -I./include -I./lib     -O2 -pipe -fPIC -c trap.c
trap.c: In function 'signal_name':
trap.c:224:7: warning: assignment discards 'const' qualifier from pointer target type [-Wdiscarded-qualifiers]
  224 |   ret = (sig >= BASH_NSIG || sig < 0 || signal_names[sig] == NULL)
      |       ^

	  ***********************************************************
	  *                                                         *
	  * GNU bash, version 5.3.0(1)-release (aarch64-swe-linux-gnu)
	  *                                                         *
	  ***********************************************************

making lib/glob/libglob.a in ./lib/glob
make[2]: Entering directory '/root/SmoothWall-pi/distrib/build/sources/bash/bash-5.3/lib/glob'
rm -f glob.o
gcc -c  -DHAVE_CONFIG_H -DSHELL -I. -I../.. -I../.. -I../../include -I../../lib    -O2 -pipe -fPIC  glob.c
rm -f ulimit.o
./mkbuiltins -D . ulimit.def
gcc -c   -DHAVE_CONFIG_H -DSHELL -I. -I..  -I.. -I../include -I../lib -I.     -O2 -pipe -fPIC ulimit.c || ( rm -f ulimit.c ; exit 1 )
rm -f strmatch.o
gcc -c  -DHAVE_CONFIG_H -DSHELL -I. -I../.. -I../.. -I../../include -I../../lib    -O2 -pipe -fPIC  strmatch.c
rm -f smatch.o
gcc -c  -DHAVE_CONFIG_H -DSHELL -I. -I../.. -I../.. -I../../include -I../../lib    -O2 -pipe -fPIC  smatch.c
rm -f ulimit.c
rm -f libbuiltins.a
ar cr libbuiltins.a builtins.o alias.o bind.o break.o builtin.o caller.o cd.o colon.o command.o common.o declare.o echo.o enable.o eval.o evalfile.o evalstring.o exec.o exit.o fc.o fg_bg.o hash.o help.o history.o jobs.o kill.o let.o mapfile.o pushd.o read.o return.o set.o setattr.o shift.o source.o suspend.o test.o times.o trap.o type.o ulimit.o umask.o wait.o getopts.o shopt.o printf.o getopt.o bashgetopt.o complete.o
ranlib libbuiltins.a
make[2]: Leaving directory '/root/SmoothWall-pi/distrib/build/sources/bash/bash-5.3/builtins'
making lib/sh/libsh.a in ./lib/sh
make[2]: Entering directory '/root/SmoothWall-pi/distrib/build/sources/bash/bash-5.3/lib/sh'
gcc -c   -I. -I../.. -I../.. -I../../lib -I../../include -I.  -DHAVE_CONFIG_H -DSHELL   -O2 -pipe -fPIC   clktck.c
gcc -c   -I. -I../.. -I../.. -I../../lib -I../../include -I.  -DHAVE_CONFIG_H -DSHELL   -O2 -pipe -fPIC   clock.c
gcc -c   -I. -I../.. -I../.. -I../../lib -I../../include -I.  -DHAVE_CONFIG_H -DSHELL   -O2 -pipe -fPIC   getenv.c
gcc -c   -I. -I../.. -I../.. -I../../lib -I../../include -I.  -DHAVE_CONFIG_H -DSHELL   -O2 -pipe -fPIC   oslib.c
gcc -c   -I. -I../.. -I../.. -I../../lib -I../../include -I.  -DHAVE_CONFIG_H -DSHELL   -O2 -pipe -fPIC   setlinebuf.c
gcc -c   -I. -I../.. -I../.. -I../../lib -I../../include -I.  -DHAVE_CONFIG_H -DSHELL   -O2 -pipe -fPIC   strnlen.c
gcc -c   -I. -I../.. -I../.. -I../../lib -I../../include -I.  -DHAVE_CONFIG_H -DSHELL   -O2 -pipe -fPIC   itos.c
gcc -c   -I. -I../.. -I../.. -I../../lib -I../../include -I.  -DHAVE_CONFIG_H -DSHELL   -O2 -pipe -fPIC   zread.c
gcc -c   -I. -I../.. -I../.. -I../../lib -I../../include -I.  -DHAVE_CONFIG_H -DSHELL   -O2 -pipe -fPIC   zwrite.c
gcc -c   -I. -I../.. -I../.. -I../../lib -I../../include -I.  -DHAVE_CONFIG_H -DSHELL   -O2 -pipe -fPIC   shtty.c
gcc -c   -I. -I../.. -I../.. -I../../lib -I../../include -I.  -DHAVE_CONFIG_H -DSHELL   -O2 -pipe -fPIC   shmatch.c
gcc -c   -I. -I../.. -I../.. -I../../lib -I../../include -I.  -DHAVE_CONFIG_H -DSHELL   -O2 -pipe -fPIC   eaccess.c
gcc -c   -I. -I../.. -I../.. -I../../lib -I../../include -I.  -DHAVE_CONFIG_H -DSHELL   -O2 -pipe -fPIC   netconn.c
gcc -c   -I. -I../.. -I../.. -I../../lib -I../../include -I.  -DHAVE_CONFIG_H -DSHELL   -O2 -pipe -fPIC   netopen.c
gcc -c   -I. -I../.. -I../.. -I../../lib -I../../include -I.  -DHAVE_CONFIG_H -DSHELL   -O2 -pipe -fPIC   timeval.c
gcc -c   -I. -I../.. -I../.. -I../../lib -I../../include -I.  -DHAVE_CONFIG_H -DSHELL   -O2 -pipe -fPIC   makepath.c
gcc -c   -I. -I../.. -I../.. -I../../lib -I../../include -I.  -DHAVE_CONFIG_H -DSHELL   -O2 -pipe -fPIC   pathcanon.c
gcc -c   -I. -I../.. -I../.. -I../../lib -I../../include -I.  -DHAVE_CONFIG_H -DSHELL   -O2 -pipe -fPIC   pathphys.c
gcc -c   -I. -I../.. -I../.. -I../../lib -I../../include -I.  -DHAVE_CONFIG_H -DSHELL   -O2 -pipe -fPIC   tmpfile.c
rm -f xmbsrtowcs.o
gcc -c  -DHAVE_CONFIG_H -DSHELL -I. -I../.. -I../.. -I../../include -I../../lib    -O2 -pipe -fPIC  xmbsrtowcs.c
gcc -c   -I. -I../.. -I../.. -I../../lib -I../../include -I.  -DHAVE_CONFIG_H -DSHELL   -O2 -pipe -fPIC   stringlist.c
rm -f gmisc.o
gcc -c  -DHAVE_CONFIG_H -DSHELL -I. -I../.. -I../.. -I../../include -I../../lib    -O2 -pipe -fPIC  gmisc.c
gcc -c   -I. -I../.. -I../.. -I../../lib -I../../include -I.  -DHAVE_CONFIG_H -DSHELL   -O2 -pipe -fPIC   stringvec.c
rm -f -f libglob.a
ar cr libglob.a glob.o strmatch.o smatch.o xmbsrtowcs.o gmisc.o
test -n "ranlib" && ranlib libglob.a
make[2]: Leaving directory '/root/SmoothWall-pi/distrib/build/sources/bash/bash-5.3/lib/glob'
gcc -c   -I. -I../.. -I../.. -I../../lib -I../../include -I.  -DHAVE_CONFIG_H -DSHELL   -O2 -pipe -fPIC   spell.c
gcc -c   -I. -I../.. -I../.. -I../../lib -I../../include -I.  -DHAVE_CONFIG_H -DSHELL   -O2 -pipe -fPIC   shquote.c
making lib/readline/libreadline.a in ./lib/readline
make[2]: Entering directory '/root/SmoothWall-pi/distrib/build/sources/bash/bash-5.3/lib/readline'
rm -f readline.o
gcc -c -DHAVE_CONFIG_H -DSHELL   -I. -I/root/SmoothWall-pi/distrib/build/sources/bash/bash-5.3 -I../.. -I../../lib   -O2 -pipe -fPIC  readline.c
making lib/termcap/libtermcap.a in ./lib/termcap
make[2]: Entering directory '/root/SmoothWall-pi/distrib/build/sources/bash/bash-5.3/lib/termcap'
gcc -c -O2 -pipe -fPIC -DHAVE_CONFIG_H  -I. -I../.. -I../.. -I../../lib -I. termcap.c
gcc -c   -I. -I../.. -I../.. -I../../lib -I../../include -I.  -DHAVE_CONFIG_H -DSHELL   -O2 -pipe -fPIC   strtrans.c
rm -f vi_mode.o
gcc -c -DHAVE_CONFIG_H -DSHELL   -I. -I/root/SmoothWall-pi/distrib/build/sources/bash/bash-5.3 -I../.. -I../../lib   -O2 -pipe -fPIC  vi_mode.c
gcc -c -O2 -pipe -fPIC -DHAVE_CONFIG_H  -I. -I../.. -I../.. -I../../lib -I. tparam.c
gcc -c   -I. -I../.. -I../.. -I../../lib -I../../include -I.  -DHAVE_CONFIG_H -DSHELL   -O2 -pipe -fPIC   snprintf.c
gcc -c   -I. -I../.. -I../.. -I../../lib -I../../include -I.  -DHAVE_CONFIG_H -DSHELL   -O2 -pipe -fPIC   mailstat.c
rm -f -f libtermcap.a
ar cr libtermcap.a termcap.o tparam.o
test -n "ranlib" && ranlib libtermcap.a
make[2]: Leaving directory '/root/SmoothWall-pi/distrib/build/sources/bash/bash-5.3/lib/termcap'
rm -f funmap.o
gcc -c -DHAVE_CONFIG_H -DSHELL   -I. -I/root/SmoothWall-pi/distrib/build/sources/bash/bash-5.3 -I../.. -I../../lib   -O2 -pipe -fPIC  funmap.c
gcc -c   -I. -I../.. -I../.. -I../../lib -I../../include -I.  -DHAVE_CONFIG_H -DSHELL   -O2 -pipe -fPIC   fmtulong.c
rm -f keymaps.o
gcc -c -DHAVE_CONFIG_H -DSHELL   -I. -I/root/SmoothWall-pi/distrib/build/sources/bash/bash-5.3 -I../.. -I../../lib   -O2 -pipe -fPIC  keymaps.c
making lib/tilde/libtilde.a in ./lib/tilde
make[2]: Entering directory '/root/SmoothWall-pi/distrib/build/sources/bash/bash-5.3/lib/tilde'
gcc -c  -DHAVE_CONFIG_H -DSHELL  -I. -I../.. -I../.. -I../../include -I../../lib   -O2 -pipe -fPIC  tilde.c
rm -f parens.o
gcc -c -DHAVE_CONFIG_H -DSHELL   -I. -I/root/SmoothWall-pi/distrib/build/sources/bash/bash-5.3 -I../.. -I../../lib   -O2 -pipe -fPIC  parens.c
gcc -c   -I. -I../.. -I../.. -I../../lib -I../../include -I.  -DHAVE_CONFIG_H -DSHELL   -O2 -pipe -fPIC   fmtullong.c
rm -f search.o
gcc -c -DHAVE_CONFIG_H -DSHELL   -I. -I/root/SmoothWall-pi/distrib/build/sources/bash/bash-5.3 -I../.. -I../../lib   -O2 -pipe -fPIC  search.c
rm -f libtilde.a
ar cr libtilde.a tilde.o
test -n "ranlib" && ranlib libtilde.a
make[2]: Leaving directory '/root/SmoothWall-pi/distrib/build/sources/bash/bash-5.3/lib/tilde'
rm -f rltty.o
gcc -c -DHAVE_CONFIG_H -DSHELL   -I. -I/root/SmoothWall-pi/distrib/build/sources/bash/bash-5.3 -I../.. -I../../lib   -O2 -pipe -fPIC  rltty.c
gcc -c   -I. -I../.. -I../.. -I../../lib -I../../include -I.  -DHAVE_CONFIG_H -DSHELL   -O2 -pipe -fPIC   fmtumax.c
gcc -c   -I. -I../.. -I../.. -I../../lib -I../../include -I.  -DHAVE_CONFIG_H -DSHELL   -O2 -pipe -fPIC   zcatfd.c
gcc -c   -I. -I../.. -I../.. -I../../lib -I../../include -I.  -DHAVE_CONFIG_H -DSHELL   -O2 -pipe -fPIC   zmapfd.c
rm -f complete.o
gcc -c -DHAVE_CONFIG_H -DSHELL   -I. -I/root/SmoothWall-pi/distrib/build/sources/bash/bash-5.3 -I../.. -I../../lib   -O2 -pipe -fPIC  complete.c
gcc -c   -I. -I../.. -I../.. -I../../lib -I../../include -I.  -DHAVE_CONFIG_H -DSHELL   -O2 -pipe -fPIC   winsize.c
rm -f bind.o
gcc -c -DHAVE_CONFIG_H -DSHELL   -I. -I/root/SmoothWall-pi/distrib/build/sources/bash/bash-5.3 -I../.. -I../../lib   -O2 -pipe -fPIC  bind.c
gcc -c   -I. -I../.. -I../.. -I../../lib -I../../include -I.  -DHAVE_CONFIG_H -DSHELL   -O2 -pipe -fPIC   wcsdup.c
gcc -c   -I. -I../.. -I../.. -I../../lib -I../../include -I.  -DHAVE_CONFIG_H -DSHELL   -O2 -pipe -fPIC   fpurge.c
gcc -c   -I. -I../.. -I../.. -I../../lib -I../../include -I.  -DHAVE_CONFIG_H -DSHELL   -O2 -pipe -fPIC   zgetline.c
gcc -c   -I. -I../.. -I../.. -I../../lib -I../../include -I.  -DHAVE_CONFIG_H -DSHELL   -O2 -pipe -fPIC   mbscmp.c
gcc -c   -I. -I../.. -I../.. -I../../lib -I../../include -I.  -DHAVE_CONFIG_H -DSHELL   -O2 -pipe -fPIC   mbsncmp.c
gcc -c   -I. -I../.. -I../.. -I../../lib -I../../include -I.  -DHAVE_CONFIG_H -DSHELL   -O2 -pipe -fPIC   uconvert.c
rm -f isearch.o
gcc -c -DHAVE_CONFIG_H -DSHELL   -I. -I/root/SmoothWall-pi/distrib/build/sources/bash/bash-5.3 -I../.. -I../../lib   -O2 -pipe -fPIC  isearch.c
gcc -c   -I. -I../.. -I../.. -I../../lib -I../../include -I.  -DHAVE_CONFIG_H -DSHELL   -O2 -pipe -fPIC   ufuncs.c
gcc -c   -I. -I../.. -I../.. -I../../lib -I../../include -I.  -DHAVE_CONFIG_H -DSHELL   -O2 -pipe -fPIC   casemod.c
gcc -c   -I. -I../.. -I../.. -I../../lib -I../../include -I.  -DHAVE_CONFIG_H -DSHELL   -O2 -pipe -fPIC   input_avail.c
gcc -c   -I. -I../.. -I../.. -I../../lib -I../../include -I.  -DHAVE_CONFIG_H -DSHELL   -O2 -pipe -fPIC   mbscasecmp.c
rm -f display.o
gcc -c -DHAVE_CONFIG_H -DSHELL   -I. -I/root/SmoothWall-pi/distrib/build/sources/bash/bash-5.3 -I../.. -I../../lib   -O2 -pipe -fPIC  display.c
gcc -c   -I. -I../.. -I../.. -I../../lib -I../../include -I.  -DHAVE_CONFIG_H -DSHELL   -O2 -pipe -fPIC   fnxform.c
gcc -c   -I. -I../.. -I../.. -I../../lib -I../../include -I.  -DHAVE_CONFIG_H -DSHELL   -O2 -pipe -fPIC   unicode.c
gcc -c   -I. -I../.. -I../.. -I../../lib -I../../include -I.  -DHAVE_CONFIG_H -DSHELL   -O2 -pipe -fPIC   shmbchar.c
rm -f signals.o
gcc -c -DHAVE_CONFIG_H -DSHELL   -I. -I/root/SmoothWall-pi/distrib/build/sources/bash/bash-5.3 -I../.. -I../../lib   -O2 -pipe -fPIC  signals.c
gcc -c   -I. -I../.. -I../.. -I../../lib -I../../include -I.  -DHAVE_CONFIG_H -DSHELL   -O2 -pipe -fPIC   strvis.c
gcc -c   -I. -I../.. -I../.. -I../../lib -I../../include -I.  -DHAVE_CONFIG_H -DSHELL   -O2 -pipe -fPIC   strscpy.c
gcc -c   -I. -I../.. -I../.. -I../../lib -I../../include -I.  -DHAVE_CONFIG_H -DSHELL   -O2 -pipe -fPIC   anonfile.c
rm -f util.o
gcc -c -DHAVE_CONFIG_H -DSHELL   -I. -I/root/SmoothWall-pi/distrib/build/sources/bash/bash-5.3 -I../.. -I../../lib   -O2 -pipe -fPIC  util.c
gcc -c   -I. -I../.. -I../.. -I../../lib -I../../include -I.  -DHAVE_CONFIG_H -DSHELL   -O2 -pipe -fPIC   compat.c
gcc -c   -I. -I../.. -I../.. -I../../lib -I../../include -I.  -DHAVE_CONFIG_H -DSHELL   -O2 -pipe -fPIC   utf8.c
gcc -c   -I. -I../.. -I../.. -I../../lib -I../../include -I.  -DHAVE_CONFIG_H -DSHELL   -O2 -pipe -fPIC   random.c
gcc -c   -I. -I../.. -I../.. -I../../lib -I../../include -I.  -DHAVE_CONFIG_H -DSHELL   -O2 -pipe -fPIC   gettimeofday.c
gcc -c   -I. -I../.. -I../.. -I../../lib -I../../include -I.  -DHAVE_CONFIG_H -DSHELL   -O2 -pipe -fPIC   timers.c
gcc -c   -I. -I../.. -I../.. -I../../lib -I../../include -I.  -DHAVE_CONFIG_H -DSHELL   -O2 -pipe -fPIC   wcsnwidth.c
rm -f kill.o
gcc -c -DHAVE_CONFIG_H -DSHELL   -I. -I/root/SmoothWall-pi/distrib/build/sources/bash/bash-5.3 -I../.. -I../../lib   -O2 -pipe -fPIC  kill.c
gcc -c   -I. -I../.. -I../.. -I../../lib -I../../include -I.  -DHAVE_CONFIG_H -DSHELL   -O2 -pipe -fPIC   mbschr.c
rm -f undo.o
gcc -c -DHAVE_CONFIG_H -DSHELL   -I. -I/root/SmoothWall-pi/distrib/build/sources/bash/bash-5.3 -I../.. -I../../lib   -O2 -pipe -fPIC  undo.c
rm -f libsh.a
ar cr libsh.a clktck.o clock.o getenv.o oslib.o setlinebuf.o strnlen.o itos.o zread.o zwrite.o shtty.o shmatch.o eaccess.o netconn.o netopen.o timeval.o makepath.o pathcanon.o pathphys.o tmpfile.o stringlist.o stringvec.o spell.o shquote.o strtrans.o snprintf.o mailstat.o fmtulong.o fmtullong.o fmtumax.o zcatfd.o zmapfd.o winsize.o wcsdup.o fpurge.o zgetline.o mbscmp.o mbsncmp.o uconvert.o ufuncs.o casemod.o input_avail.o mbscasecmp.o fnxform.o unicode.o shmbchar.o strvis.o strscpy.o anonfile.o compat.o utf8.o random.o gettimeofday.o timers.o wcsnwidth.o mbschr.o
test -n "ranlib" && ranlib libsh.a
make[2]: Leaving directory '/root/SmoothWall-pi/distrib/build/sources/bash/bash-5.3/lib/sh'
make[2]: Entering directory '/root/SmoothWall-pi/distrib/build/sources/bash/bash-5.3/builtins'
make[2]: 'pipesize.h' is up to date.
make[2]: Leaving directory '/root/SmoothWall-pi/distrib/build/sources/bash/bash-5.3/builtins'
rm -f macro.o
gcc -c -DHAVE_CONFIG_H -DSHELL   -I. -I/root/SmoothWall-pi/distrib/build/sources/bash/bash-5.3 -I../.. -I../../lib   -O2 -pipe -fPIC  macro.c
rm -f input.o
gcc -c -DHAVE_CONFIG_H -DSHELL   -I. -I/root/SmoothWall-pi/distrib/build/sources/bash/bash-5.3 -I../.. -I../../lib   -O2 -pipe -fPIC  input.c
rm -f callback.o
gcc -c -DHAVE_CONFIG_H -DSHELL   -I. -I/root/SmoothWall-pi/distrib/build/sources/bash/bash-5.3 -I../.. -I../../lib   -O2 -pipe -fPIC  callback.c
rm -f terminal.o
gcc -c -DHAVE_CONFIG_H -DSHELL   -I. -I/root/SmoothWall-pi/distrib/build/sources/bash/bash-5.3 -I../.. -I../../lib   -O2 -pipe -fPIC  terminal.c
rm -f text.o
gcc -c -DHAVE_CONFIG_H -DSHELL   -I. -I/root/SmoothWall-pi/distrib/build/sources/bash/bash-5.3 -I../.. -I../../lib   -O2 -pipe -fPIC  text.c
rm -f nls.o
gcc -c -DHAVE_CONFIG_H -DSHELL   -I. -I/root/SmoothWall-pi/distrib/build/sources/bash/bash-5.3 -I../.. -I../../lib   -O2 -pipe -fPIC  nls.c
rm -f redir.o
gcc  -DPROGRAM='"bash"' -DCONF_HOSTTYPE='"aarch64"' -DCONF_OSTYPE='"linux-gnu"' -DCONF_MACHTYPE='"aarch64-swe-linux-gnu"' -DCONF_VENDOR='"swe"' -DLOCALEDIR='"/tools/share/locale"' -DPACKAGE='"bash"' -DSHELL -DHAVE_CONFIG_H   -I.  -I. -I./include -I./lib     -O2 -pipe -fPIC -c redir.c
rm -f misc.o
gcc -c -DHAVE_CONFIG_H -DSHELL   -I. -I/root/SmoothWall-pi/distrib/build/sources/bash/bash-5.3 -I../.. -I../../lib   -O2 -pipe -fPIC  misc.c
redir.c: In function 'redirection_error':
redir.c:146:14: warning: assignment discards 'const' qualifier from pointer target type [-Wdiscarded-qualifiers]
  146 |     filename = _("file descriptor out of range");
      |              ^
redir.c:194:14: warning: assignment discards 'const' qualifier from pointer target type [-Wdiscarded-qualifiers]
  194 |     filename = _("file descriptor out of range");
      |              ^
rm -f history.o
gcc -c -DHAVE_CONFIG_H -DSHELL   -I. -I/root/SmoothWall-pi/distrib/build/sources/bash/bash-5.3 -I../.. -I../../lib   -O2 -pipe -fPIC  history.c
rm -f histexpand.o
gcc -c -DHAVE_CONFIG_H -DSHELL   -I. -I/root/SmoothWall-pi/distrib/build/sources/bash/bash-5.3 -I../.. -I../../lib   -O2 -pipe -fPIC  histexpand.c
rm -f histfile.o
gcc -c -DHAVE_CONFIG_H -DSHELL   -I. -I/root/SmoothWall-pi/distrib/build/sources/bash/bash-5.3 -I../.. -I../../lib   -O2 -pipe -fPIC  histfile.c
rm -f histsearch.o
gcc -c -DHAVE_CONFIG_H -DSHELL   -I. -I/root/SmoothWall-pi/distrib/build/sources/bash/bash-5.3 -I../.. -I../../lib   -O2 -pipe -fPIC  histsearch.c
rm -f shell.o
gcc -c -DHAVE_CONFIG_H -DSHELL   -I. -I/root/SmoothWall-pi/distrib/build/sources/bash/bash-5.3 -I../.. -I../../lib   -O2 -pipe -fPIC  shell.c
rm -f savestring.o
gcc -c -DHAVE_CONFIG_H -DSHELL   -I. -I/root/SmoothWall-pi/distrib/build/sources/bash/bash-5.3 -I../.. -I../../lib   -O2 -pipe -fPIC  savestring.c
rm -f mbutil.o
gcc -c -DHAVE_CONFIG_H -DSHELL   -I. -I/root/SmoothWall-pi/distrib/build/sources/bash/bash-5.3 -I../.. -I../../lib   -O2 -pipe -fPIC  mbutil.c
rm -f tilde.o
gcc -DHAVE_CONFIG_H -DSHELL   -I. -I/root/SmoothWall-pi/distrib/build/sources/bash/bash-5.3 -I../.. -I../../lib   -O2 -pipe -fPIC  -DREADLINE_LIBRARY -c ./tilde.c
rm -f colors.o
gcc -c -DHAVE_CONFIG_H -DSHELL   -I. -I/root/SmoothWall-pi/distrib/build/sources/bash/bash-5.3 -I../.. -I../../lib   -O2 -pipe -fPIC  colors.c
rm -f parse-colors.o
gcc -c -DHAVE_CONFIG_H -DSHELL   -I. -I/root/SmoothWall-pi/distrib/build/sources/bash/bash-5.3 -I../.. -I../../lib   -O2 -pipe -fPIC  parse-colors.c
rm -f xmalloc.o
gcc -c -DHAVE_CONFIG_H -DSHELL   -I. -I/root/SmoothWall-pi/distrib/build/sources/bash/bash-5.3 -I../.. -I../../lib   -O2 -pipe -fPIC  xmalloc.c
rm -f xfree.o
gcc -c -DHAVE_CONFIG_H -DSHELL   -I. -I/root/SmoothWall-pi/distrib/build/sources/bash/bash-5.3 -I../.. -I../../lib   -O2 -pipe -fPIC  xfree.c
rm -f compat.o
gcc -c -DHAVE_CONFIG_H -DSHELL   -I. -I/root/SmoothWall-pi/distrib/build/sources/bash/bash-5.3 -I../.. -I../../lib   -O2 -pipe -fPIC  compat.c
rm -f libreadline.a
ar cr libreadline.a readline.o vi_mode.o funmap.o keymaps.o parens.o search.o rltty.o complete.o bind.o isearch.o display.o signals.o util.o kill.o undo.o macro.o input.o callback.o terminal.o text.o nls.o misc.o history.o histexpand.o histfile.o histsearch.o shell.o savestring.o mbutil.o tilde.o colors.o parse-colors.o xmalloc.o xfree.o compat.o 
test -n "ranlib" && ranlib libreadline.a
make[2]: Leaving directory '/root/SmoothWall-pi/distrib/build/sources/bash/bash-5.3/lib/readline'
making lib/readline/libhistory.a in ./lib/readline
make[2]: Entering directory '/root/SmoothWall-pi/distrib/build/sources/bash/bash-5.3/lib/readline'
rm -f libhistory.a
ar cr libhistory.a history.o histexpand.o histfile.o histsearch.o shell.o savestring.o mbutil.o xmalloc.o xfree.o
test -n "ranlib" && ranlib libhistory.a
make[2]: Leaving directory '/root/SmoothWall-pi/distrib/build/sources/bash/bash-5.3/lib/readline'
rm -f bash
gcc -L./builtins -L./lib/readline -L./lib/readline -L./lib/glob -L./lib/tilde  -L./lib/sh  -L./lib/termcap -rdynamic -O2 -pipe -fPIC   -o bash shell.o eval.o y.tab.o general.o make_cmd.o print_cmd.o dispose_cmd.o execute_cmd.o variables.o copy_cmd.o error.o expr.o flags.o jobs.o subst.o hashcmd.o hashlib.o mailcheck.o trap.o input.o unwind_prot.o pathexp.o sig.o test.o version.o alias.o array.o arrayfunc.o assoc.o braces.o bracecomp.o bashhist.o bashline.o  list.o stringlib.o locale.o findcmd.o redir.o pcomplete.o pcomplib.o syntax.o xmalloc.o  -lbuiltins -lglob -lsh -lreadline -lhistory ./lib/termcap/libtermcap.a -ltilde     -ldl 
/root/SmoothWall-pi/distrib/tools/bin/../lib/gcc/aarch64-tools-linux-gnu/15.2.0/../../../../aarch64-tools-linux-gnu/bin/ld: ./lib/sh/libsh.a(tmpfile.o): in function `sh_mktmpname':
tmpfile.c:(.text+0x174): warning: the use of `mktemp' is dangerous, better use `mkstemp' or `mkdtemp'
ls -l bash
-rwxr-xr-x 1 root root 1535496 Jan 10 18:05 bash
: bash
make[1]: Leaving directory '/root/SmoothWall-pi/distrib/build/sources/bash/bash-5.3'
make[1]: Entering directory '/root/SmoothWall-pi/distrib/build/sources/bash/bash-5.3'
make[2]: Entering directory '/root/SmoothWall-pi/distrib/build/sources/bash/bash-5.3/builtins'
make[2]: 'pipesize.h' is up to date.
make[2]: Leaving directory '/root/SmoothWall-pi/distrib/build/sources/bash/bash-5.3/builtins'

	  ***********************************************************
	  *                                                         *
	  * GNU bash, version 5.3.0(1)-release (aarch64-swe-linux-gnu)
	  *                                                         *
	  ***********************************************************

mkdir -p -- /root/SmoothWall-pi/distrib/tools/share/doc/bash
( cd ./po/ ; make  DESTDIR=/root/SmoothWall-pi/distrib installdirs )
make[2]: Entering directory '/root/SmoothWall-pi/distrib/build/sources/bash/bash-5.3/po'
if test "bash" = "gettext-tools"; then \
  /bin/sh ../support/mkinstalldirs /root/SmoothWall-pi/distrib/tools/share/gettext/po; \
else \
  : ; \
fi
make[2]: Leaving directory '/root/SmoothWall-pi/distrib/build/sources/bash/bash-5.3/po'
/bin/install -c -m 0755 bash /root/SmoothWall-pi/distrib/tools/bin/bash
/bin/install -c -m 0555 bashbug /root/SmoothWall-pi/distrib/tools/bin/bashbug
/bin/install -c -m 644 ./CHANGES ./COMPAT ./NEWS ./POSIX ./RBASH ./README /root/SmoothWall-pi/distrib/tools/share/doc/bash
( cd ./doc ; make  \
	man1dir=/tools/share/man/man1 man1ext=.1 \
	man3dir=/tools/share/man/man3 man3ext=.3 \
	infodir=/tools/share/info htmldir=/tools/share/doc/bash DESTDIR=/root/SmoothWall-pi/distrib install )
make[2]: Entering directory '/root/SmoothWall-pi/distrib/build/sources/bash/bash-5.3/doc'
/bin/sh ../support/mkinstalldirs /root/SmoothWall-pi/distrib/tools/share/man/man1
/bin/sh ../support/mkinstalldirs /root/SmoothWall-pi/distrib/tools/share/info
/bin/sh ../support/mkinstalldirs /root/SmoothWall-pi/distrib/tools/share/doc/bash
if test -n "/tools/share/doc/bash" ; then \
	/bin/sh ../support/mkinstalldirs /root/SmoothWall-pi/distrib/tools/share/doc/bash ; \
fi
/bin/install -c -m 644 ./bash.1 /root/SmoothWall-pi/distrib/tools/share/man/man1/bash.1
/bin/install -c -m 644 ./bashbug.1 /root/SmoothWall-pi/distrib/tools/share/man/man1/bashbug.1
/bin/install -c -m 644 ./FAQ ./INTRO /root/SmoothWall-pi/distrib/tools/share/doc/bash
if test -f bash.info; then d=.; else d=.; fi; \
  /bin/install -c -m 644 $d/bash.info /root/SmoothWall-pi/distrib/tools/share/info/bash.info
if /bin/sh -c 'install-info --version' >/dev/null 2>&1; then \
	install-info --dir-file=/root/SmoothWall-pi/distrib/tools/share/info/dir /root/SmoothWall-pi/distrib/tools/share/info/bash.info; \
else true; fi
if test -n "/tools/share/doc/bash" ; then \
	/bin/install -c -m 644 ./bash.html /root/SmoothWall-pi/distrib/tools/share/doc/bash ; \
	/bin/install -c -m 644 ./bashref.html /root/SmoothWall-pi/distrib/tools/share/doc/bash ; \
fi
make[2]: Leaving directory '/root/SmoothWall-pi/distrib/build/sources/bash/bash-5.3/doc'
( cd ./builtins ; make  DESTDIR=/root/SmoothWall-pi/distrib install )
make[2]: Entering directory '/root/SmoothWall-pi/distrib/build/sources/bash/bash-5.3/builtins'
make[2]: Nothing to be done for 'install'.
make[2]: Leaving directory '/root/SmoothWall-pi/distrib/build/sources/bash/bash-5.3/builtins'
( cd ./po/ ; make  DESTDIR=/root/SmoothWall-pi/distrib install )
make[2]: Entering directory '/root/SmoothWall-pi/distrib/build/sources/bash/bash-5.3/po'
if test "bash" = "gettext-tools"; then \
  /bin/sh ../support/mkinstalldirs /root/SmoothWall-pi/distrib/tools/share/gettext/po; \
  for file in Makefile.in.in remove-potcdate.sin quot.sed boldquot.sed en@quot.header en@boldquot.header insert-header.sin Rules-quot   Makevars.template; do \
    /bin/install -c -m 644 ./$file \
		    /root/SmoothWall-pi/distrib/tools/share/gettext/po/$file; \
  done; \
  for file in Makevars; do \
    rm -f /root/SmoothWall-pi/distrib/tools/share/gettext/po/$file; \
  done; \
else \
  : ; \
fi
make[2]: Leaving directory '/root/SmoothWall-pi/distrib/build/sources/bash/bash-5.3/po'
( cd /root/SmoothWall-pi/distrib/build/sources/bash/bash-5.3/examples/loadables && make  DESTDIR=/root/SmoothWall-pi/distrib install )
make[2]: Entering directory '/root/SmoothWall-pi/distrib/build/sources/bash/bash-5.3/examples/loadables'
gcc -fPIC -DHAVE_CONFIG_H -DSHELL   -O2 -pipe -fPIC  -I. -I.. -I../.. -I../../lib -I../../builtins -I. -I../../include -I/root/SmoothWall-pi/distrib/build/sources/bash/bash-5.3 -I/root/SmoothWall-pi/distrib/build/sources/bash/bash-5.3/lib -I/root/SmoothWall-pi/distrib/build/sources/bash/bash-5.3/builtins  -c -o print.o print.c
gcc -shared -Wl,-soname,print  -L./lib/termcap  -o print print.o 
gcc -fPIC -DHAVE_CONFIG_H -DSHELL   -O2 -pipe -fPIC  -I. -I.. -I../.. -I../../lib -I../../builtins -I. -I../../include -I/root/SmoothWall-pi/distrib/build/sources/bash/bash-5.3 -I/root/SmoothWall-pi/distrib/build/sources/bash/bash-5.3/lib -I/root/SmoothWall-pi/distrib/build/sources/bash/bash-5.3/builtins  -c -o truefalse.o truefalse.c
gcc -shared -Wl,-soname,truefalse  -L./lib/termcap  -o truefalse truefalse.o 
gcc -fPIC -DHAVE_CONFIG_H -DSHELL   -O2 -pipe -fPIC  -I. -I.. -I../.. -I../../lib -I../../builtins -I. -I../../include -I/root/SmoothWall-pi/distrib/build/sources/bash/bash-5.3 -I/root/SmoothWall-pi/distrib/build/sources/bash/bash-5.3/lib -I/root/SmoothWall-pi/distrib/build/sources/bash/bash-5.3/builtins  -c -o sleep.o sleep.c
gcc -shared -Wl,-soname,sleep  -L./lib/termcap  -o sleep sleep.o 
gcc -fPIC -DHAVE_CONFIG_H -DSHELL   -O2 -pipe -fPIC  -I. -I.. -I../.. -I../../lib -I../../builtins -I. -I../../include -I/root/SmoothWall-pi/distrib/build/sources/bash/bash-5.3 -I/root/SmoothWall-pi/distrib/build/sources/bash/bash-5.3/lib -I/root/SmoothWall-pi/distrib/build/sources/bash/bash-5.3/builtins  -c -o finfo.o finfo.c
gcc -shared -Wl,-soname,finfo  -L./lib/termcap  -o finfo finfo.o 
gcc -fPIC -DHAVE_CONFIG_H -DSHELL   -O2 -pipe -fPIC  -I. -I.. -I../.. -I../../lib -I../../builtins -I. -I../../include -I/root/SmoothWall-pi/distrib/build/sources/bash/bash-5.3 -I/root/SmoothWall-pi/distrib/build/sources/bash/bash-5.3/lib -I/root/SmoothWall-pi/distrib/build/sources/bash/bash-5.3/builtins  -c -o logname.o logname.c
gcc -shared -Wl,-soname,logname  -L./lib/termcap  -o logname logname.o 
gcc -fPIC -DHAVE_CONFIG_H -DSHELL   -O2 -pipe -fPIC  -I. -I.. -I../.. -I../../lib -I../../builtins -I. -I../../include -I/root/SmoothWall-pi/distrib/build/sources/bash/bash-5.3 -I/root/SmoothWall-pi/distrib/build/sources/bash/bash-5.3/lib -I/root/SmoothWall-pi/distrib/build/sources/bash/bash-5.3/builtins  -c -o basename.o basename.c
gcc -shared -Wl,-soname,basename  -L./lib/termcap  -o basename basename.o 
gcc -fPIC -DHAVE_CONFIG_H -DSHELL   -O2 -pipe -fPIC  -I. -I.. -I../.. -I../../lib -I../../builtins -I. -I../../include -I/root/SmoothWall-pi/distrib/build/sources/bash/bash-5.3 -I/root/SmoothWall-pi/distrib/build/sources/bash/bash-5.3/lib -I/root/SmoothWall-pi/distrib/build/sources/bash/bash-5.3/builtins  -c -o dirname.o dirname.c
gcc -shared -Wl,-soname,dirname  -L./lib/termcap  -o dirname dirname.o 
gcc -fPIC -DHAVE_CONFIG_H -DSHELL   -O2 -pipe -fPIC  -I. -I.. -I../.. -I../../lib -I../../builtins -I. -I../../include -I/root/SmoothWall-pi/distrib/build/sources/bash/bash-5.3 -I/root/SmoothWall-pi/distrib/build/sources/bash/bash-5.3/lib -I/root/SmoothWall-pi/distrib/build/sources/bash/bash-5.3/builtins  -c -o fdflags.o fdflags.c
gcc -shared -Wl,-soname,fdflags  -L./lib/termcap  -o fdflags fdflags.o 
gcc -fPIC -DHAVE_CONFIG_H -DSHELL   -O2 -pipe -fPIC  -I. -I.. -I../.. -I../../lib -I../../builtins -I. -I../../include -I/root/SmoothWall-pi/distrib/build/sources/bash/bash-5.3 -I/root/SmoothWall-pi/distrib/build/sources/bash/bash-5.3/lib -I/root/SmoothWall-pi/distrib/build/sources/bash/bash-5.3/builtins  -c -o tty.o tty.c
gcc -shared -Wl,-soname,tty  -L./lib/termcap  -o tty tty.o 
gcc -fPIC -DHAVE_CONFIG_H -DSHELL   -O2 -pipe -fPIC  -I. -I.. -I../.. -I../../lib -I../../builtins -I. -I../../include -I/root/SmoothWall-pi/distrib/build/sources/bash/bash-5.3 -I/root/SmoothWall-pi/distrib/build/sources/bash/bash-5.3/lib -I/root/SmoothWall-pi/distrib/build/sources/bash/bash-5.3/builtins  -c -o pathchk.o pathchk.c
gcc -shared -Wl,-soname,pathchk  -L./lib/termcap  -o pathchk pathchk.o 
gcc -fPIC -DHAVE_CONFIG_H -DSHELL   -O2 -pipe -fPIC  -I. -I.. -I../.. -I../../lib -I../../builtins -I. -I../../include -I/root/SmoothWall-pi/distrib/build/sources/bash/bash-5.3 -I/root/SmoothWall-pi/distrib/build/sources/bash/bash-5.3/lib -I/root/SmoothWall-pi/distrib/build/sources/bash/bash-5.3/builtins  -c -o tee.o tee.c
gcc -shared -Wl,-soname,tee  -L./lib/termcap  -o tee tee.o 
gcc -fPIC -DHAVE_CONFIG_H -DSHELL   -O2 -pipe -fPIC  -I. -I.. -I../.. -I../../lib -I../../builtins -I. -I../../include -I/root/SmoothWall-pi/distrib/build/sources/bash/bash-5.3 -I/root/SmoothWall-pi/distrib/build/sources/bash/bash-5.3/lib -I/root/SmoothWall-pi/distrib/build/sources/bash/bash-5.3/builtins  -c -o head.o head.c
gcc -shared -Wl,-soname,head  -L./lib/termcap  -o head head.o 
gcc -fPIC -DHAVE_CONFIG_H -DSHELL   -O2 -pipe -fPIC  -I. -I.. -I../.. -I../../lib -I../../builtins -I. -I../../include -I/root/SmoothWall-pi/distrib/build/sources/bash/bash-5.3 -I/root/SmoothWall-pi/distrib/build/sources/bash/bash-5.3/lib -I/root/SmoothWall-pi/distrib/build/sources/bash/bash-5.3/builtins  -c -o mkdir.o mkdir.c
gcc -shared -Wl,-soname,mkdir  -L./lib/termcap  -o mkdir mkdir.o 
gcc -fPIC -DHAVE_CONFIG_H -DSHELL   -O2 -pipe -fPIC  -I. -I.. -I../.. -I../../lib -I../../builtins -I. -I../../include -I/root/SmoothWall-pi/distrib/build/sources/bash/bash-5.3 -I/root/SmoothWall-pi/distrib/build/sources/bash/bash-5.3/lib -I/root/SmoothWall-pi/distrib/build/sources/bash/bash-5.3/builtins  -c -o rmdir.o rmdir.c
gcc -shared -Wl,-soname,rmdir  -L./lib/termcap  -o rmdir rmdir.o 
gcc -fPIC -DHAVE_CONFIG_H -DSHELL   -O2 -pipe -fPIC  -I. -I.. -I../.. -I../../lib -I../../builtins -I. -I../../include -I/root/SmoothWall-pi/distrib/build/sources/bash/bash-5.3 -I/root/SmoothWall-pi/distrib/build/sources/bash/bash-5.3/lib -I/root/SmoothWall-pi/distrib/build/sources/bash/bash-5.3/builtins  -c -o mkfifo.o mkfifo.c
gcc -shared -Wl,-soname,mkfifo  -L./lib/termcap  -o mkfifo mkfifo.o 
gcc -fPIC -DHAVE_CONFIG_H -DSHELL   -O2 -pipe -fPIC  -I. -I.. -I../.. -I../../lib -I../../builtins -I. -I../../include -I/root/SmoothWall-pi/distrib/build/sources/bash/bash-5.3 -I/root/SmoothWall-pi/distrib/build/sources/bash/bash-5.3/lib -I/root/SmoothWall-pi/distrib/build/sources/bash/bash-5.3/builtins  -c -o mktemp.o mktemp.c
gcc -shared -Wl,-soname,mktemp  -L./lib/termcap  -o mktemp mktemp.o 
gcc -fPIC -DHAVE_CONFIG_H -DSHELL   -O2 -pipe -fPIC  -I. -I.. -I../.. -I../../lib -I../../builtins -I. -I../../include -I/root/SmoothWall-pi/distrib/build/sources/bash/bash-5.3 -I/root/SmoothWall-pi/distrib/build/sources/bash/bash-5.3/lib -I/root/SmoothWall-pi/distrib/build/sources/bash/bash-5.3/builtins  -c -o printenv.o printenv.c
gcc -shared -Wl,-soname,printenv  -L./lib/termcap  -o printenv printenv.o 
gcc -fPIC -DHAVE_CONFIG_H -DSHELL   -O2 -pipe -fPIC  -I. -I.. -I../.. -I../../lib -I../../builtins -I. -I../../include -I/root/SmoothWall-pi/distrib/build/sources/bash/bash-5.3 -I/root/SmoothWall-pi/distrib/build/sources/bash/bash-5.3/lib -I/root/SmoothWall-pi/distrib/build/sources/bash/bash-5.3/builtins  -c -o id.o id.c
gcc -shared -Wl,-soname,id  -L./lib/termcap  -o id id.o 
gcc -fPIC -DHAVE_CONFIG_H -DSHELL   -O2 -pipe -fPIC  -I. -I.. -I../.. -I../../lib -I../../builtins -I. -I../../include -I/root/SmoothWall-pi/distrib/build/sources/bash/bash-5.3 -I/root/SmoothWall-pi/distrib/build/sources/bash/bash-5.3/lib -I/root/SmoothWall-pi/distrib/build/sources/bash/bash-5.3/builtins  -c -o whoami.o whoami.c
gcc -shared -Wl,-soname,whoami  -L./lib/termcap  -o whoami whoami.o 
gcc -fPIC -DHAVE_CONFIG_H -DSHELL   -O2 -pipe -fPIC  -I. -I.. -I../.. -I../../lib -I../../builtins -I. -I../../include -I/root/SmoothWall-pi/distrib/build/sources/bash/bash-5.3 -I/root/SmoothWall-pi/distrib/build/sources/bash/bash-5.3/lib -I/root/SmoothWall-pi/distrib/build/sources/bash/bash-5.3/builtins  -c -o uname.o uname.c
gcc -shared -Wl,-soname,uname  -L./lib/termcap  -o uname uname.o 
gcc -fPIC -DHAVE_CONFIG_H -DSHELL   -O2 -pipe -fPIC  -I. -I.. -I../.. -I../../lib -I../../builtins -I. -I../../include -I/root/SmoothWall-pi/distrib/build/sources/bash/bash-5.3 -I/root/SmoothWall-pi/distrib/build/sources/bash/bash-5.3/lib -I/root/SmoothWall-pi/distrib/build/sources/bash/bash-5.3/builtins  -c -o sync.o sync.c
gcc -shared -Wl,-soname,sync  -L./lib/termcap  -o sync sync.o 
gcc -fPIC -DHAVE_CONFIG_H -DSHELL   -O2 -pipe -fPIC  -I. -I.. -I../.. -I../../lib -I../../builtins -I. -I../../include -I/root/SmoothWall-pi/distrib/build/sources/bash/bash-5.3 -I/root/SmoothWall-pi/distrib/build/sources/bash/bash-5.3/lib -I/root/SmoothWall-pi/distrib/build/sources/bash/bash-5.3/builtins  -c -o push.o push.c
gcc -shared -Wl,-soname,push  -L./lib/termcap  -o push push.o 
gcc -fPIC -DHAVE_CONFIG_H -DSHELL   -O2 -pipe -fPIC  -I. -I.. -I../.. -I../../lib -I../../builtins -I. -I../../include -I/root/SmoothWall-pi/distrib/build/sources/bash/bash-5.3 -I/root/SmoothWall-pi/distrib/build/sources/bash/bash-5.3/lib -I/root/SmoothWall-pi/distrib/build/sources/bash/bash-5.3/builtins  -c -o ln.o ln.c
gcc -shared -Wl,-soname,ln  -L./lib/termcap  -o ln ln.o 
gcc -fPIC -DHAVE_CONFIG_H -DSHELL   -O2 -pipe -fPIC  -I. -I.. -I../.. -I../../lib -I../../builtins -I. -I../../include -I/root/SmoothWall-pi/distrib/build/sources/bash/bash-5.3 -I/root/SmoothWall-pi/distrib/build/sources/bash/bash-5.3/lib -I/root/SmoothWall-pi/distrib/build/sources/bash/bash-5.3/builtins  -c -o unlink.o unlink.c
gcc -shared -Wl,-soname,unlink  -L./lib/termcap  -o unlink unlink.o 
gcc -fPIC -DHAVE_CONFIG_H -DSHELL   -O2 -pipe -fPIC  -I. -I.. -I../.. -I../../lib -I../../builtins -I. -I../../include -I/root/SmoothWall-pi/distrib/build/sources/bash/bash-5.3 -I/root/SmoothWall-pi/distrib/build/sources/bash/bash-5.3/lib -I/root/SmoothWall-pi/distrib/build/sources/bash/bash-5.3/builtins  -c -o realpath.o realpath.c
gcc -shared -Wl,-soname,realpath  -L./lib/termcap  -o realpath realpath.o 
gcc -fPIC -DHAVE_CONFIG_H -DSHELL   -O2 -pipe -fPIC  -I. -I.. -I../.. -I../../lib -I../../builtins -I. -I../../include -I/root/SmoothWall-pi/distrib/build/sources/bash/bash-5.3 -I/root/SmoothWall-pi/distrib/build/sources/bash/bash-5.3/lib -I/root/SmoothWall-pi/distrib/build/sources/bash/bash-5.3/builtins  -c -o strftime.o strftime.c
gcc -shared -Wl,-soname,strftime  -L./lib/termcap  -o strftime strftime.o 
gcc -fPIC -DHAVE_CONFIG_H -DSHELL   -O2 -pipe -fPIC  -I. -I.. -I../.. -I../../lib -I../../builtins -I. -I../../include -I/root/SmoothWall-pi/distrib/build/sources/bash/bash-5.3 -I/root/SmoothWall-pi/distrib/build/sources/bash/bash-5.3/lib -I/root/SmoothWall-pi/distrib/build/sources/bash/bash-5.3/builtins  -c -o mypid.o mypid.c
gcc -shared -Wl,-soname,mypid  -L./lib/termcap  -o mypid mypid.o 
gcc -fPIC -DHAVE_CONFIG_H -DSHELL   -O2 -pipe -fPIC  -I. -I.. -I../.. -I../../lib -I../../builtins -I. -I../../include -I/root/SmoothWall-pi/distrib/build/sources/bash/bash-5.3 -I/root/SmoothWall-pi/distrib/build/sources/bash/bash-5.3/lib -I/root/SmoothWall-pi/distrib/build/sources/bash/bash-5.3/builtins  -c -o setpgid.o setpgid.c
gcc -shared -Wl,-soname,setpgid  -L./lib/termcap  -o setpgid setpgid.o 
gcc -fPIC -DHAVE_CONFIG_H -DSHELL   -O2 -pipe -fPIC  -I. -I.. -I../.. -I../../lib -I../../builtins -I. -I../../include -I/root/SmoothWall-pi/distrib/build/sources/bash/bash-5.3 -I/root/SmoothWall-pi/distrib/build/sources/bash/bash-5.3/lib -I/root/SmoothWall-pi/distrib/build/sources/bash/bash-5.3/builtins  -c -o seq.o seq.c
gcc -shared -Wl,-soname,seq  -L./lib/termcap  -o seq seq.o 
gcc -fPIC -DHAVE_CONFIG_H -DSHELL   -O2 -pipe -fPIC  -I. -I.. -I../.. -I../../lib -I../../builtins -I. -I../../include -I/root/SmoothWall-pi/distrib/build/sources/bash/bash-5.3 -I/root/SmoothWall-pi/distrib/build/sources/bash/bash-5.3/lib -I/root/SmoothWall-pi/distrib/build/sources/bash/bash-5.3/builtins  -c -o rm.o rm.c
gcc -shared -Wl,-soname,rm  -L./lib/termcap  -o rm rm.o 
gcc -fPIC -DHAVE_CONFIG_H -DSHELL   -O2 -pipe -fPIC  -I. -I.. -I../.. -I../../lib -I../../builtins -I. -I../../include -I/root/SmoothWall-pi/distrib/build/sources/bash/bash-5.3 -I/root/SmoothWall-pi/distrib/build/sources/bash/bash-5.3/lib -I/root/SmoothWall-pi/distrib/build/sources/bash/bash-5.3/builtins  -c -o accept.o accept.c
gcc -shared -Wl,-soname,accept  -L./lib/termcap  -o accept accept.o 
gcc -fPIC -DHAVE_CONFIG_H -DSHELL   -O2 -pipe -fPIC  -I. -I.. -I../.. -I../../lib -I../../builtins -I. -I../../include -I/root/SmoothWall-pi/distrib/build/sources/bash/bash-5.3 -I/root/SmoothWall-pi/distrib/build/sources/bash/bash-5.3/lib -I/root/SmoothWall-pi/distrib/build/sources/bash/bash-5.3/builtins  -c -o csv.o csv.c
gcc -shared -Wl,-soname,csv  -L./lib/termcap  -o csv csv.o 
gcc -fPIC -DHAVE_CONFIG_H -DSHELL   -O2 -pipe -fPIC  -I. -I.. -I../.. -I../../lib -I../../builtins -I. -I../../include -I/root/SmoothWall-pi/distrib/build/sources/bash/bash-5.3 -I/root/SmoothWall-pi/distrib/build/sources/bash/bash-5.3/lib -I/root/SmoothWall-pi/distrib/build/sources/bash/bash-5.3/builtins  -c -o dsv.o dsv.c
gcc -shared -Wl,-soname,dsv  -L./lib/termcap  -o dsv dsv.o 
gcc -fPIC -DHAVE_CONFIG_H -DSHELL   -O2 -pipe -fPIC  -I. -I.. -I../.. -I../../lib -I../../builtins -I. -I../../include -I/root/SmoothWall-pi/distrib/build/sources/bash/bash-5.3 -I/root/SmoothWall-pi/distrib/build/sources/bash/bash-5.3/lib -I/root/SmoothWall-pi/distrib/build/sources/bash/bash-5.3/builtins  -c -o cut.o cut.c
gcc -shared -Wl,-soname,cut  -L./lib/termcap  -o cut cut.o 
gcc -fPIC -DHAVE_CONFIG_H -DSHELL   -O2 -pipe -fPIC  -I. -I.. -I../.. -I../../lib -I../../builtins -I. -I../../include -I/root/SmoothWall-pi/distrib/build/sources/bash/bash-5.3 -I/root/SmoothWall-pi/distrib/build/sources/bash/bash-5.3/lib -I/root/SmoothWall-pi/distrib/build/sources/bash/bash-5.3/builtins  -c -o stat.o stat.c
gcc -shared -Wl,-soname,stat  -L./lib/termcap  -o stat stat.o 
gcc -fPIC -DHAVE_CONFIG_H -DSHELL   -O2 -pipe -fPIC  -I. -I.. -I../.. -I../../lib -I../../builtins -I. -I../../include -I/root/SmoothWall-pi/distrib/build/sources/bash/bash-5.3 -I/root/SmoothWall-pi/distrib/build/sources/bash/bash-5.3/lib -I/root/SmoothWall-pi/distrib/build/sources/bash/bash-5.3/builtins  -c -o getconf.o getconf.c
gcc -shared -Wl,-soname,getconf  -L./lib/termcap  -o getconf getconf.o 
gcc -fPIC -DHAVE_CONFIG_H -DSHELL   -O2 -pipe -fPIC  -I. -I.. -I../.. -I../../lib -I../../builtins -I. -I../../include -I/root/SmoothWall-pi/distrib/build/sources/bash/bash-5.3 -I/root/SmoothWall-pi/distrib/build/sources/bash/bash-5.3/lib -I/root/SmoothWall-pi/distrib/build/sources/bash/bash-5.3/builtins  -c -o kv.o kv.c
gcc -shared -Wl,-soname,kv  -L./lib/termcap  -o kv kv.o 
gcc -fPIC -DHAVE_CONFIG_H -DSHELL   -O2 -pipe -fPIC  -I. -I.. -I../.. -I../../lib -I../../builtins -I. -I../../include -I/root/SmoothWall-pi/distrib/build/sources/bash/bash-5.3 -I/root/SmoothWall-pi/distrib/build/sources/bash/bash-5.3/lib -I/root/SmoothWall-pi/distrib/build/sources/bash/bash-5.3/builtins  -c -o strptime.o strptime.c
gcc -shared -Wl,-soname,strptime  -L./lib/termcap  -o strptime strptime.o 
gcc -fPIC -DHAVE_CONFIG_H -DSHELL   -O2 -pipe -fPIC  -I. -I.. -I../.. -I../../lib -I../../builtins -I. -I../../include -I/root/SmoothWall-pi/distrib/build/sources/bash/bash-5.3 -I/root/SmoothWall-pi/distrib/build/sources/bash/bash-5.3/lib -I/root/SmoothWall-pi/distrib/build/sources/bash/bash-5.3/builtins  -c -o chmod.o chmod.c
gcc -shared -Wl,-soname,chmod  -L./lib/termcap  -o chmod chmod.o 
gcc -fPIC -DHAVE_CONFIG_H -DSHELL   -O2 -pipe -fPIC  -I. -I.. -I../.. -I../../lib -I../../builtins -I. -I../../include -I/root/SmoothWall-pi/distrib/build/sources/bash/bash-5.3 -I/root/SmoothWall-pi/distrib/build/sources/bash/bash-5.3/lib -I/root/SmoothWall-pi/distrib/build/sources/bash/bash-5.3/builtins  -c -o fltexpr.o fltexpr.c
gcc -shared -Wl,-soname,fltexpr  -L./lib/termcap  -o fltexpr fltexpr.o  -lm
mkdir -p -- /root/SmoothWall-pi/distrib/tools/lib/bash
make[3]: Entering directory '/root/SmoothWall-pi/distrib/build/sources/bash/bash-5.3'
mkdir -p -- /root/SmoothWall-pi/distrib/tools/include/bash
mkdir -p -- /root/SmoothWall-pi/distrib/tools/include/bash/builtins
mkdir -p -- /root/SmoothWall-pi/distrib/tools/include/bash/include
/bin/install -c -m 644 ./support/bash.pc /root/SmoothWall-pi/distrib/tools/lib/pkgconfig/bash.pc
make[3]: Leaving directory '/root/SmoothWall-pi/distrib/build/sources/bash/bash-5.3'
installing example loadable builtins in /root/SmoothWall-pi/distrib/tools/lib/bash
print
truefalse
sleep
finfo
logname
basename
dirname
fdflags
tty
pathchk
tee
head
mkdir
rmdir
mkfifo
mktemp
printenv
id
whoami
uname
sync
push
ln
unlink
realpath
strftime
mypid
setpgid
seq
rm
accept
csv
dsv
cut
stat
getconf
kv
strptime
chmod
fltexpr
make[2]: Leaving directory '/root/SmoothWall-pi/distrib/build/sources/bash/bash-5.3/examples/loadables'
make[1]: Leaving directory '/root/SmoothWall-pi/distrib/build/sources/bash/bash-5.3'
make: Leaving directory '/root/SmoothWall-pi/distrib/build/sources/bash'
bash success

